{"numTotalTestSuites":53,"numPassedTestSuites":53,"numFailedTestSuites":0,"numPendingTestSuites":0,"numTotalTests":210,"numPassedTests":210,"numFailedTests":0,"numPendingTests":0,"numTodoTests":0,"snapshot":{"added":0,"failure":false,"filesAdded":0,"filesRemoved":0,"filesRemovedList":[],"filesUnmatched":0,"filesUpdated":0,"matched":0,"total":0,"unchecked":0,"uncheckedKeysByFile":[],"unmatched":0,"updated":0,"didUpdate":false},"startTime":1782770054919,"success":true,"testResults":[{"assertionResults":[{"ancestorTitles":["testResults.service","saveTestResult"],"fullName":"testResults.service saveTestResult should save result and create teacher index","status":"passed","title":"should save result and create teacher index","duration":17.18209999999999,"failureMessages":[],"meta":{}},{"ancestorTitles":["testResults.service","saveTestResult"],"fullName":"testResults.service saveTestResult writes a stable solo result id with operation identity for idempotent reload recovery","status":"passed","title":"writes a stable solo result id with operation identity for idempotent reload recovery","duration":4.565900000000056,"failureMessages":[],"meta":{}},{"ancestorTitles":["testResults.service","saveTestResult"],"fullName":"testResults.service saveTestResult returns an existing stable solo result without duplicate writes or side effects","status":"passed","title":"returns an existing stable solo result without duplicate writes or side effects","duration":1.1087999999999738,"failureMessages":[],"meta":{}},{"ancestorTitles":["testResults.service","saveTestResult"],"fullName":"testResults.service saveTestResult rejects a stable result id that belongs to a different submit operation","status":"passed","title":"rejects a stable result id that belongs to a different submit operation","duration":13.799800000000232,"failureMessages":[],"meta":{}},{"ancestorTitles":["testResults.service","saveTestResult"],"fullName":"testResults.service saveTestResult writes the canonical result before fan-out indexes so RTDB rule checks can resolve the row","status":"passed","title":"writes the canonical result before fan-out indexes so RTDB rule checks can resolve the row","duration":3.7516999999998006,"failureMessages":[],"meta":{}},{"ancestorTitles":["testResults.service","saveTestResult"],"fullName":"testResults.service saveTestResult sanitizes nested undefined fields in result context before persisting to RTDB","status":"passed","title":"sanitizes nested undefined fields in result context before persisting to RTDB","duration":3.652299999999741,"failureMessages":[],"meta":{}},{"ancestorTitles":["testResults.service","saveTestResult"],"fullName":"testResults.service saveTestResult should seed feedback generation metadata and trigger initial feedback for IELTS reading saves","status":"passed","title":"should seed feedback generation metadata and trigger initial feedback for IELTS reading saves","duration":4.849099999999453,"failureMessages":[],"meta":{}},{"ancestorTitles":["testResults.service","saveTestResult"],"fullName":"testResults.service saveTestResult does not trigger initial feedback for pending-review writing saves","status":"passed","title":"does not trigger initial feedback for pending-review writing saves","duration":1.0307999999995445,"failureMessages":[],"meta":{}},{"ancestorTitles":["testResults.service","saveTestResult"],"fullName":"testResults.service saveTestResult should not create a teacher index for solo-practice rows even when teacherId is passed","status":"passed","title":"should not create a teacher index for solo-practice rows even when teacherId is passed","duration":1.943000000000211,"failureMessages":[],"meta":{}},{"ancestorTitles":["testResults.service","saveTestResult"],"fullName":"testResults.service saveTestResult should keep student and session indexes when visibility is unresolved","status":"passed","title":"should keep student and session indexes when visibility is unresolved","duration":2.7785000000003492,"failureMessages":[],"meta":{}},{"ancestorTitles":["testResults.service","getTeacherResults"],"fullName":"testResults.service getTeacherResults should return filtered results","status":"passed","title":"should return filtered results","duration":1.561800000000403,"failureMessages":[],"meta":{}},{"ancestorTitles":["testResults.service","getTeacherResults"],"fullName":"testResults.service getTeacherResults should suppress per-result permission-denied errors and keep only the skipped summary","status":"passed","title":"should suppress per-result permission-denied errors and keep only the skipped summary","duration":3.735099999999875,"failureMessages":[],"meta":{}},{"ancestorTitles":["testResults.service","getTeacherResults"],"fullName":"testResults.service getTeacherResults should exclude rows whose normalized visibility does not belong to the teacher","status":"passed","title":"should exclude rows whose normalized visibility does not belong to the teacher","duration":0.37409999999999854,"failureMessages":[],"meta":{}},{"ancestorTitles":["testResults.service","getTeacherResults"],"fullName":"testResults.service getTeacherResults should exclude unresolved rows even if they appear in the teacher index","status":"passed","title":"should exclude unresolved rows even if they appear in the teacher index","duration":0.27439999999933207,"failureMessages":[],"meta":{}},{"ancestorTitles":["testResults.service","getTeacherResults"],"fullName":"testResults.service getTeacherResults should exclude solo-practice rows from teacher-owned index reads","status":"passed","title":"should exclude solo-practice rows from teacher-owned index reads","duration":1.0284999999994398,"failureMessages":[],"meta":{}},{"ancestorTitles":["testResults.service","getTeacherResults"],"fullName":"testResults.service getTeacherResults should enrich a legacy row before excluding it from teacher results","status":"passed","title":"should enrich a legacy row before excluding it from teacher results","duration":4.388700000000426,"failureMessages":[],"meta":{}},{"ancestorTitles":["testResults.service","getTeacherResults"],"fullName":"testResults.service getTeacherResults should normalize teacher-owned session visibility during the read path","status":"passed","title":"should normalize teacher-owned session visibility during the read path","duration":0.7812999999996464,"failureMessages":[],"meta":{}},{"ancestorTitles":["testResults.service","getTeacherResults"],"fullName":"testResults.service getTeacherResults should normalize teacher-owned homework visibility during the read path","status":"passed","title":"should normalize teacher-owned homework visibility during the read path","duration":0.8896000000004278,"failureMessages":[],"meta":{}},{"ancestorTitles":["testResults.service","getTeacherResults"],"fullName":"testResults.service getTeacherResults should normalize class-linked course material visibility during the read path","status":"passed","title":"should normalize class-linked course material visibility during the read path","duration":2.1378999999997177,"failureMessages":[],"meta":{}},{"ancestorTitles":["testResults.service","getTeacherResults"],"fullName":"testResults.service getTeacherResults should normalize standalone course material visibility during the read path","status":"passed","title":"should normalize standalone course material visibility during the read path","duration":1.3098999999992884,"failureMessages":[],"meta":{}},{"ancestorTitles":["testResults.service","getTeacherStudentResults"],"fullName":"testResults.service getTeacherStudentResults returns no results and performs no reads when assignment access is denied","status":"passed","title":"returns no results and performs no reads when assignment access is denied","duration":1.7824999999993452,"failureMessages":[],"meta":{}},{"ancestorTitles":["testResults.service","getTeacherStudentResults"],"fullName":"testResults.service getTeacherStudentResults merges teacher-owned rows with only the target student solo-practice rows","status":"passed","title":"merges teacher-owned rows with only the target student solo-practice rows","duration":1.7264000000004671,"failureMessages":[],"meta":{}},{"ancestorTitles":["testResults.service","getTeacherStudentResults"],"fullName":"testResults.service getTeacherStudentResults keeps teacher-owned history when the solo-practice index read is denied","status":"passed","title":"keeps teacher-owned history when the solo-practice index read is denied","duration":1.9125000000003638,"failureMessages":[],"meta":{}},{"ancestorTitles":["testResults.service","getStudentResults"],"fullName":"testResults.service getStudentResults should keep student reads complete even for unresolved and foreign-owned rows","status":"passed","title":"should keep student reads complete even for unresolved and foreign-owned rows","duration":0.605199999999968,"failureMessages":[],"meta":{}},{"ancestorTitles":["testResults.service","getStudentResults"],"fullName":"testResults.service getStudentResults should skip inaccessible rows instead of failing the whole student history fetch","status":"passed","title":"should skip inaccessible rows instead of failing the whole student history fetch","duration":5.35109999999986,"failureMessages":[],"meta":{}},{"ancestorTitles":["testResults.service","updateResultScore"],"fullName":"testResults.service updateResultScore should update score and history","status":"passed","title":"should update score and history","duration":1.3636999999998807,"failureMessages":[],"meta":{}},{"ancestorTitles":["testResults.service","normalized visibility reporting"],"fullName":"testResults.service normalized visibility reporting should not create a teacher index for unresolved rows and should report them","status":"passed","title":"should not create a teacher index for unresolved rows and should report them","duration":1.1271999999999025,"failureMessages":[],"meta":{}},{"ancestorTitles":["testResults.service","normalized visibility reporting"],"fullName":"testResults.service normalized visibility reporting should re-resolve unresolved homework visibility during index rebuild","status":"passed","title":"should re-resolve unresolved homework visibility during index rebuild","duration":3.9747999999999593,"failureMessages":[],"meta":{}},{"ancestorTitles":["testResults.service","normalized visibility reporting"],"fullName":"testResults.service normalized visibility reporting should rebuild teacher indexes from normalized visibility and delete stale rows","status":"passed","title":"should rebuild teacher indexes from normalized visibility and delete stale rows","duration":2.4322999999994863,"failureMessages":[],"meta":{}},{"ancestorTitles":["testResults.service","normalized visibility reporting"],"fullName":"testResults.service normalized visibility reporting should repair stale class and course indexes from canonical visibility only","status":"passed","title":"should repair stale class and course indexes from canonical visibility only","duration":4.258200000000215,"failureMessages":[],"meta":{}},{"ancestorTitles":["testResults.service","normalized visibility reporting"],"fullName":"testResults.service normalized visibility reporting should re-resolve unresolved homework visibility during index rebuild","status":"passed","title":"should re-resolve unresolved homework visibility during index rebuild","duration":1.7346999999999753,"failureMessages":[],"meta":{}},{"ancestorTitles":["testResults.service","getReMarkHistory"],"fullName":"testResults.service getReMarkHistory should return history array","status":"passed","title":"should return history array","duration":0.300399999999172,"failureMessages":[],"meta":{}},{"ancestorTitles":["testResults.service","getReMarkHistory"],"fullName":"testResults.service getReMarkHistory should return empty array if no history","status":"passed","title":"should return empty array if no history","duration":0.17039999999997235,"failureMessages":[],"meta":{}},{"ancestorTitles":["testResults.service","saveTestResult with Academic Context"],"fullName":"testResults.service saveTestResult with Academic Context should save result with academic context fields","status":"passed","title":"should save result with academic context fields","duration":2.8125999999992928,"failureMessages":[],"meta":{}},{"ancestorTitles":["testResults.service","saveTestResult with Academic Context"],"fullName":"testResults.service saveTestResult with Academic Context should create course index when courseId is provided","status":"passed","title":"should create course index when courseId is provided","duration":1.0360000000000582,"failureMessages":[],"meta":{}},{"ancestorTitles":["testResults.service","saveTestResult with Academic Context"],"fullName":"testResults.service saveTestResult with Academic Context should create class index when classId is provided","status":"passed","title":"should create class index when classId is provided","duration":3.253700000000208,"failureMessages":[],"meta":{}},{"ancestorTitles":["testResults.service","saveTestResult with Academic Context"],"fullName":"testResults.service saveTestResult with Academic Context should create both course and class indexes when both are provided","status":"passed","title":"should create both course and class indexes when both are provided","duration":0.6820000000006985,"failureMessages":[],"meta":{}},{"ancestorTitles":["testResults.service","saveTestResult with Academic Context"],"fullName":"testResults.service saveTestResult with Academic Context should skip course and class indexes when ownership is unresolved","status":"passed","title":"should skip course and class indexes when ownership is unresolved","duration":0.732600000000275,"failureMessages":[],"meta":{}},{"ancestorTitles":["testResults.service","saveTestResult with Academic Context"],"fullName":"testResults.service saveTestResult with Academic Context should set context fields to null when not provided","status":"passed","title":"should set context fields to null when not provided","duration":4.283900000000358,"failureMessages":[],"meta":{}},{"ancestorTitles":["testResults.service","saveTestResult with Academic Context"],"fullName":"testResults.service saveTestResult with Academic Context should handle partial context (only courseId)","status":"passed","title":"should handle partial context (only courseId)","duration":3.1962000000003172,"failureMessages":[],"meta":{}},{"ancestorTitles":["testResults.service","saveTestResult with Academic Context"],"fullName":"testResults.service saveTestResult with Academic Context should include moduleId in course index","status":"passed","title":"should include moduleId in course index","duration":0.7977000000000771,"failureMessages":[],"meta":{}},{"ancestorTitles":["testResults.service","saveTestResult with Academic Context"],"fullName":"testResults.service saveTestResult with Academic Context should include courseId in class index","status":"passed","title":"should include courseId in class index","duration":2.3054999999994834,"failureMessages":[],"meta":{}},{"ancestorTitles":["testResults.service","Review Flow - markAsReviewed"],"fullName":"testResults.service Review Flow - markAsReviewed should update status from pending-review to reviewed","status":"passed","title":"should update status from pending-review to reviewed","duration":0.9621999999999389,"failureMessages":[],"meta":{}},{"ancestorTitles":["testResults.service","Review Flow - markAsReviewed"],"fullName":"testResults.service Review Flow - markAsReviewed should throw error if result not found","status":"passed","title":"should throw error if result not found","duration":8.069800000000214,"failureMessages":[],"meta":{}},{"ancestorTitles":["testResults.service","Review Flow - markAsReviewed"],"fullName":"testResults.service Review Flow - markAsReviewed should throw error if status is not pending-review","status":"passed","title":"should throw error if status is not pending-review","duration":1.1655000000000655,"failureMessages":[],"meta":{}},{"ancestorTitles":["testResults.service","Review Flow - markAsReviewed"],"fullName":"testResults.service Review Flow - markAsReviewed should throw error if status is auto-marked","status":"passed","title":"should throw error if status is auto-marked","duration":1.1554999999998472,"failureMessages":[],"meta":{}},{"ancestorTitles":["testResults.service","Review Flow - markAsReviewed"],"fullName":"testResults.service Review Flow - markAsReviewed should handle notification failure gracefully","status":"passed","title":"should handle notification failure gracefully","duration":1.4648999999999432,"failureMessages":[],"meta":{}},{"ancestorTitles":["testResults.service","Review Flow - markingStatus Assignment"],"fullName":"testResults.service Review Flow - markingStatus Assignment should set pending-review for writing submissions","status":"passed","title":"should set pending-review for writing submissions","duration":2.278400000000147,"failureMessages":[],"meta":{}},{"ancestorTitles":["testResults.service","Review Flow - markingStatus Assignment"],"fullName":"testResults.service Review Flow - markingStatus Assignment should set pending-review for speaking submissions","status":"passed","title":"should set pending-review for speaking submissions","duration":0.845299999999952,"failureMessages":[],"meta":{}},{"ancestorTitles":["testResults.service","Review Flow - markingStatus Assignment"],"fullName":"testResults.service Review Flow - markingStatus Assignment should set auto-marked for reading/listening tests","status":"passed","title":"should set auto-marked for reading/listening tests","duration":0.7110999999995329,"failureMessages":[],"meta":{}},{"ancestorTitles":["testResults.service","Review Flow - markingStatus Assignment"],"fullName":"testResults.service Review Flow - markingStatus Assignment should set pending-review if both writing and speaking exist","status":"passed","title":"should set pending-review if both writing and speaking exist","duration":0.6383999999998196,"failureMessages":[],"meta":{}},{"ancestorTitles":["testResults.service","getStudentTestAttempts"],"fullName":"testResults.service getStudentTestAttempts should return attempts sorted by submittedAt DESC for matching testId","status":"passed","title":"should return attempts sorted by submittedAt DESC for matching testId","duration":3.7206999999998516,"failureMessages":[],"meta":{}},{"ancestorTitles":["testResults.service","getStudentTestAttempts"],"fullName":"testResults.service getStudentTestAttempts should return empty array when no results exist","status":"passed","title":"should return empty array when no results exist","duration":0.19359999999960564,"failureMessages":[],"meta":{}},{"ancestorTitles":["testResults.service","getHistoricalScores"],"fullName":"testResults.service getHistoricalScores should filter by testId for homework context","status":"passed","title":"should filter by testId for homework context","duration":0.5973999999996522,"failureMessages":[],"meta":{}},{"ancestorTitles":["testResults.service","getHistoricalScores"],"fullName":"testResults.service getHistoricalScores should return at most limit records","status":"passed","title":"should return at most limit records","duration":3.9960999999993874,"failureMessages":[],"meta":{}},{"ancestorTitles":["testResults.service","getClassTestScores"],"fullName":"testResults.service getClassTestScores should return scores filtered by testId from class index","status":"passed","title":"should return scores filtered by testId from class index","duration":0.7212999999992462,"failureMessages":[],"meta":{}},{"ancestorTitles":["testResults.service","getClassTestScores"],"fullName":"testResults.service getClassTestScores should return empty array when classId is missing","status":"passed","title":"should return empty array when classId is missing","duration":0.3199000000004162,"failureMessages":[],"meta":{}},{"ancestorTitles":["testResults.service","getClassTestScores"],"fullName":"testResults.service getClassTestScores should return empty array when no class index exists","status":"passed","title":"should return empty array when no class index exists","duration":0.15470000000004802,"failureMessages":[],"meta":{}},{"ancestorTitles":["testResults.service","saveTestResult with ieltsData"],"fullName":"testResults.service saveTestResult with ieltsData should include ieltsData in saved record when provided","status":"passed","title":"should include ieltsData in saved record when provided","duration":3.0875000000005457,"failureMessages":[],"meta":{}},{"ancestorTitles":["testResults.service","saveTestResult with ieltsData"],"fullName":"testResults.service saveTestResult with ieltsData should not include ieltsData when not provided","status":"passed","title":"should not include ieltsData when not provided","duration":4.073900000000322,"failureMessages":[],"meta":{}}],"startTime":1782770059119,"endTime":1782770059275.074,"status":"passed","message":"","name":"C:/Users/The Lord/Desktop/luyentap-writing-import-rebased/src/services/testResults.service.test.ts"},{"assertionResults":[{"ancestorTitles":["ListeningPracticeView mobile host (PRD-0045 Task 5.10)"],"fullName":"ListeningPracticeView mobile host (PRD-0045 Task 5.10) opens submit sheet instead of submitting directly","status":"passed","title":"opens submit sheet instead of submitting directly","duration":1026.0268999999998,"failureMessages":[],"meta":{}},{"ancestorTitles":["ListeningPracticeView mobile host (PRD-0045 Task 5.10)"],"fullName":"ListeningPracticeView mobile host (PRD-0045 Task 5.10) renders loading through the shared assessment status state","status":"passed","title":"renders loading through the shared assessment status state","duration":124.08359999999993,"failureMessages":[],"meta":{}},{"ancestorTitles":["ListeningPracticeView mobile host (PRD-0045 Task 5.10)"],"fullName":"ListeningPracticeView mobile host (PRD-0045 Task 5.10) renders load failures through the shared assessment status state","status":"passed","title":"renders load failures through the shared assessment status state","duration":605.9496999999992,"failureMessages":[],"meta":{}},{"ancestorTitles":["ListeningPracticeView mobile host (PRD-0045 Task 5.10)"],"fullName":"ListeningPracticeView mobile host (PRD-0045 Task 5.10) resolves asset-ID solo audio through authorized delivery before rendering AudioPlayer","status":"passed","title":"resolves asset-ID solo audio through authorized delivery before rendering AudioPlayer","duration":79.31970000000001,"failureMessages":[],"meta":{}},{"ancestorTitles":["ListeningPracticeView mobile host (PRD-0045 Task 5.10)"],"fullName":"ListeningPracticeView mobile host (PRD-0045 Task 5.10) confirm submit calls through submitTestRef","status":"passed","title":"confirm submit calls through submitTestRef","duration":701.0792999999994,"failureMessages":[],"meta":{}},{"ancestorTitles":["ListeningPracticeView mobile host (PRD-0045 Task 5.10)"],"fullName":"ListeningPracticeView mobile host (PRD-0045 Task 5.10) waits for accepted autosave and final flush before one time-up submit","status":"passed","title":"waits for accepted autosave and final flush before one time-up submit","duration":55.371399999999994,"failureMessages":[],"meta":{}},{"ancestorTitles":["ListeningPracticeView mobile host (PRD-0045 Task 5.10)"],"fullName":"ListeningPracticeView mobile host (PRD-0045 Task 5.10) closes all transient overlays when pause activates","status":"passed","title":"closes all transient overlays when pause activates","duration":453.64050000000043,"failureMessages":[],"meta":{}},{"ancestorTitles":["ListeningPracticeView mobile host (PRD-0045 Task 5.10)"],"fullName":"ListeningPracticeView mobile host (PRD-0045 Task 5.10) closes all transient overlays when time-up fires and shows time-up overlay","status":"passed","title":"closes all transient overlays when time-up fires and shows time-up overlay","duration":235.52810000000045,"failureMessages":[],"meta":{}},{"ancestorTitles":["ListeningPracticeView mobile host (PRD-0045 Task 5.10)"],"fullName":"ListeningPracticeView mobile host (PRD-0045 Task 5.10) auto-resumes homework mode without showing resume modal","status":"passed","title":"auto-resumes homework mode without showing resume modal","duration":37.23040000000037,"failureMessages":[],"meta":{}},{"ancestorTitles":["ListeningPracticeView mobile host (PRD-0045 Task 5.10)"],"fullName":"ListeningPracticeView mobile host (PRD-0045 Task 5.10) shows resume modal for solo mode when saved progress exists","status":"passed","title":"shows resume modal for solo mode when saved progress exists","duration":66.25640000000021,"failureMessages":[],"meta":{}},{"ancestorTitles":["ListeningPracticeView mobile host (PRD-0045 Task 5.10)"],"fullName":"ListeningPracticeView mobile host (PRD-0045 Task 5.10) disables fullscreen enforcement when on mobile","status":"passed","title":"disables fullscreen enforcement when on mobile","duration":19.996800000000803,"failureMessages":[],"meta":{}},{"ancestorTitles":["ListeningPracticeView mobile host (PRD-0045 Task 5.10)"],"fullName":"ListeningPracticeView mobile host (PRD-0045 Task 5.10) wires text size change through the scaffold and tracks it","status":"passed","title":"wires text size change through the scaffold and tracks it","duration":131.34020000000055,"failureMessages":[],"meta":{}},{"ancestorTitles":["ListeningPracticeView mobile host (PRD-0045 Task 5.10)"],"fullName":"ListeningPracticeView mobile host (PRD-0045 Task 5.10) closes other overlays when submit sheet opens","status":"passed","title":"closes other overlays when submit sheet opens","duration":237.75710000000072,"failureMessages":[],"meta":{}},{"ancestorTitles":["ListeningPracticeView mobile host (PRD-0045 Task 5.10)"],"fullName":"ListeningPracticeView mobile host (PRD-0045 Task 5.10) tracks part navigation actions","status":"passed","title":"tracks part navigation actions","duration":123.72849999999926,"failureMessages":[],"meta":{}},{"ancestorTitles":["ListeningPracticeView mobile host (PRD-0045 Task 5.10)"],"fullName":"ListeningPracticeView mobile host (PRD-0045 Task 5.10) swiping image canvas moves across parts and starts destination audio","status":"passed","title":"swiping image canvas moves across parts and starts destination audio","duration":202.5084999999999,"failureMessages":[],"meta":{}},{"ancestorTitles":["ListeningPracticeView mobile host (PRD-0045 Task 5.10)"],"fullName":"ListeningPracticeView mobile host (PRD-0045 Task 5.10) passes locked state through to mobile direct-question groups","status":"passed","title":"passes locked state through to mobile direct-question groups","duration":16.889400000000023,"failureMessages":[],"meta":{}},{"ancestorTitles":["ListeningPracticeView mobile host (PRD-0045 Task 5.10)"],"fullName":"ListeningPracticeView mobile host (PRD-0045 Task 5.10) keeps answers and playback state owned by the host autosave payload","status":"passed","title":"keeps answers and playback state owned by the host autosave payload","duration":678.4109000000008,"failureMessages":[],"meta":{}},{"ancestorTitles":["ListeningPracticeView mobile host (PRD-0045 Task 5.10)"],"fullName":"ListeningPracticeView mobile host (PRD-0045 Task 5.10) keeps answers, timer, and playback owned by the same host across viewport switches","status":"passed","title":"keeps answers, timer, and playback owned by the same host across viewport switches","duration":210.09829999999965,"failureMessages":[],"meta":{}},{"ancestorTitles":["ListeningPracticeView mobile host (PRD-0045 Task 5.10)"],"fullName":"ListeningPracticeView mobile host (PRD-0045 Task 5.10) renders direct-question mobile content in a keyboard-safe question card","status":"passed","title":"renders direct-question mobile content in a keyboard-safe question card","duration":20.907000000001062,"failureMessages":[],"meta":{}},{"ancestorTitles":["ListeningPracticeView mobile host (PRD-0045 Task 5.10)"],"fullName":"ListeningPracticeView mobile host (PRD-0045 Task 5.10) pushes updated mobile state to autosave when audio auto-advances","status":"passed","title":"pushes updated mobile state to autosave when audio auto-advances","duration":604.7093999999997,"failureMessages":[],"meta":{}},{"ancestorTitles":["ListeningPracticeView mobile host (PRD-0045 Task 5.10)"],"fullName":"ListeningPracticeView mobile host (PRD-0045 Task 5.10) auto-advancing audio moves image mode to the next section","status":"passed","title":"auto-advancing audio moves image mode to the next section","duration":651.3989999999994,"failureMessages":[],"meta":{}},{"ancestorTitles":["ListeningPracticeView mobile host (PRD-0045 Task 5.10)"],"fullName":"ListeningPracticeView mobile host (PRD-0045 Task 5.10) shows results screen after test is submitted","status":"passed","title":"shows results screen after test is submitted","duration":31.819400000000314,"failureMessages":[],"meta":{}},{"ancestorTitles":["ListeningPracticeView mobile host (PRD-0045 Task 5.10)"],"fullName":"ListeningPracticeView mobile host (PRD-0045 Task 5.10) deduplicates solo autosave error toasts","status":"passed","title":"deduplicates solo autosave error toasts","duration":15.61200000000099,"failureMessages":[],"meta":{}},{"ancestorTitles":["ListeningPracticeView mobile host (PRD-0045 Task 5.10)"],"fullName":"ListeningPracticeView mobile host (PRD-0045 Task 5.10) hydrates only compatible mobileState from saved progress (Phase 7.3)","status":"passed","title":"hydrates only compatible mobileState from saved progress (Phase 7.3)","duration":31.450300000000425,"failureMessages":[],"meta":{}},{"ancestorTitles":["ListeningPracticeView mobile host (PRD-0045 Task 5.10)"],"fullName":"ListeningPracticeView mobile host (PRD-0045 Task 5.10) does not hydrate mobileState with wrong kind","status":"passed","title":"does not hydrate mobileState with wrong kind","duration":19.26560000000063,"failureMessages":[],"meta":{}},{"ancestorTitles":["ListeningPracticeView mobile host (PRD-0045 Task 5.10)"],"fullName":"ListeningPracticeView mobile host (PRD-0045 Task 5.10) does not hydrate mobileState when the saved scope metadata does not match the current homework attempt","status":"passed","title":"does not hydrate mobileState when the saved scope metadata does not match the current homework attempt","duration":14.32929999999942,"failureMessages":[],"meta":{}},{"ancestorTitles":["ListeningPracticeView mobile host (PRD-0045 Task 5.10)"],"fullName":"ListeningPracticeView mobile host (PRD-0045 Task 5.10) restore never auto-opens the image question sheet (Phase 7.3)","status":"passed","title":"restore never auto-opens the image question sheet (Phase 7.3)","duration":33.65099999999984,"failureMessages":[],"meta":{}},{"ancestorTitles":["ListeningPracticeView mobile host (PRD-0045 Task 5.10)"],"fullName":"ListeningPracticeView mobile host (PRD-0045 Task 5.10) passes anti-select class to the mobile scaffold for homework copy protection","status":"passed","title":"passes anti-select class to the mobile scaffold for homework copy protection","duration":16.96770000000106,"failureMessages":[],"meta":{}},{"ancestorTitles":["ListeningPracticeView mobile host (PRD-0045 Task 5.10)"],"fullName":"ListeningPracticeView mobile host (PRD-0045 Task 5.10) moves the viewed part when image-mode audio auto-advances","status":"passed","title":"moves the viewed part when image-mode audio auto-advances","duration":723.8114000000005,"failureMessages":[],"meta":{}},{"ancestorTitles":["ListeningPracticeView mobile host (PRD-0045 Task 5.10)"],"fullName":"ListeningPracticeView mobile host (PRD-0045 Task 5.10) homework mode uses same scaffold as self_study (Phase 7.3)","status":"passed","title":"homework mode uses same scaffold as self_study (Phase 7.3)","duration":16.330200000000332,"failureMessages":[],"meta":{}},{"ancestorTitles":["ListeningPracticeView mobile host (PRD-0045 Task 5.10)"],"fullName":"ListeningPracticeView mobile host (PRD-0045 Task 5.10) wait state is passed to scaffold so it can block mobile interaction (Phase 7.4)","status":"passed","title":"wait state is passed to scaffold so it can block mobile interaction (Phase 7.4)","duration":18.435699999999997,"failureMessages":[],"meta":{}},{"ancestorTitles":["ListeningPracticeView mobile host (PRD-0045 Task 5.10)"],"fullName":"ListeningPracticeView mobile host (PRD-0045 Task 5.10) no mismatch-warning banner present in mobile listening (Phase 7.4)","status":"passed","title":"no mismatch-warning banner present in mobile listening (Phase 7.4)","duration":17.181000000000495,"failureMessages":[],"meta":{}}],"startTime":1782770060090,"endTime":1782770067314.181,"status":"passed","message":"","name":"C:/Users/The Lord/Desktop/luyentap-writing-import-rebased/src/components/practice/ListeningPracticeView.test.tsx"},{"assertionResults":[{"ancestorTitles":["useSoloAutoSave"],"fullName":"useSoloAutoSave stores mobileState through the storage abstraction","status":"passed","title":"stores mobileState through the storage abstraction","duration":53.79749999999967,"failureMessages":[],"meta":{}},{"ancestorTitles":["useSoloAutoSave"],"fullName":"useSoloAutoSave stores homework-scoped listening playback state through the storage abstraction","status":"passed","title":"stores homework-scoped listening playback state through the storage abstraction","duration":10.355199999999968,"failureMessages":[],"meta":{}},{"ancestorTitles":["useSoloAutoSave"],"fullName":"useSoloAutoSave exposes an awaitable flush that persists attempt and submit operation identity","status":"passed","title":"exposes an awaitable flush that persists attempt and submit operation identity","duration":15.161300000000665,"failureMessages":[],"meta":{}},{"ancestorTitles":["useSoloAutoSave"],"fullName":"useSoloAutoSave joins an accepted in-flight save when submit asks to wait before final flush","status":"passed","title":"joins an accepted in-flight save when submit asks to wait before final flush","duration":10.344900000000052,"failureMessages":[],"meta":{}},{"ancestorTitles":["useSoloAutoSave"],"fullName":"useSoloAutoSave returns a failed flush outcome while preserving a recoverable autosave error state","status":"passed","title":"returns a failed flush outcome while preserving a recoverable autosave error state","duration":28.085699999999633,"failureMessages":[],"meta":{}},{"ancestorTitles":["useSoloAutoSave"],"fullName":"useSoloAutoSave returns error status when the storage write fails","status":"passed","title":"returns error status when the storage write fails","duration":6.383499999999913,"failureMessages":[],"meta":{}},{"ancestorTitles":["useSoloAutoSave"],"fullName":"useSoloAutoSave flushes progress when the app backgrounds before the interval elapses","status":"passed","title":"flushes progress when the app backgrounds before the interval elapses","duration":31.433399999999892,"failureMessages":[],"meta":{}},{"ancestorTitles":["useSoloAutoSave"],"fullName":"useSoloAutoSave flushes progress on unmount before the interval elapses","status":"passed","title":"flushes progress on unmount before the interval elapses","duration":7.690899999999601,"failureMessages":[],"meta":{}},{"ancestorTitles":["useSoloAutoSave"],"fullName":"useSoloAutoSave does not force-save on rerender when scopeContext identity changes","status":"passed","title":"does not force-save on rerender when scopeContext identity changes","duration":16.671800000000076,"failureMessages":[],"meta":{}},{"ancestorTitles":["clearSoloProgress (submit clears saved state)"],"fullName":"clearSoloProgress (submit clears saved state) removes the storage key for the given material and student","status":"passed","title":"removes the storage key for the given material and student","duration":0.8135999999994965,"failureMessages":[],"meta":{}},{"ancestorTitles":["clearSoloProgress (submit clears saved state)"],"fullName":"clearSoloProgress (submit clears saved state) removes mobileState along with all other progress fields","status":"passed","title":"removes mobileState along with all other progress fields","duration":0.36779999999998836,"failureMessages":[],"meta":{}},{"ancestorTitles":["cleanupExpiredProgress"],"fullName":"cleanupExpiredProgress cleans recognized solo-practice keys without deleting unrelated legacy namespaces","status":"passed","title":"cleans recognized solo-practice keys without deleting unrelated legacy namespaces","duration":0.591099999999642,"failureMessages":[],"meta":{}}],"startTime":1782770059474,"endTime":1782770059664.591,"status":"passed","message":"","name":"C:/Users/The Lord/Desktop/luyentap-writing-import-rebased/src/hooks/solo/useSoloAutoSave.test.ts"},{"assertionResults":[{"ancestorTitles":["useSoloSubmission"],"fullName":"useSoloSubmission lazy-loads grading questions at submit time and reuses them for result persistence","status":"passed","title":"lazy-loads grading questions at submit time and reuses them for result persistence","duration":136.9380999999994,"failureMessages":[],"meta":{}},{"ancestorTitles":["useSoloSubmission"],"fullName":"useSoloSubmission replays option shuffling on lazy grading questions for homework or practice flows","status":"passed","title":"replays option shuffling on lazy grading questions for homework or practice flows","duration":46.2518,"failureMessages":[],"meta":{}},{"ancestorTitles":["useSoloSubmission"],"fullName":"useSoloSubmission persists canonical course-material identifiers without a teacher shortcut","status":"passed","title":"persists canonical course-material identifiers without a teacher shortcut","duration":27.77059999999983,"failureMessages":[],"meta":{}},{"ancestorTitles":["useSoloSubmission"],"fullName":"useSoloSubmission falls back to materialId and test title when context source id/name are missing","status":"passed","title":"falls back to materialId and test title when context source id/name are missing","duration":11.48779999999988,"failureMessages":[],"meta":{}},{"ancestorTitles":["useSoloSubmission"],"fullName":"useSoloSubmission tracks homework integrity persistence when the homework submission write succeeds","status":"passed","title":"tracks homework integrity persistence when the homework submission write succeeds","duration":19.649100000000544,"failureMessages":[],"meta":{}},{"ancestorTitles":["useSoloSubmission"],"fullName":"useSoloSubmission bypasses unanswered-questions confirm when skipConfirm is true","status":"passed","title":"bypasses unanswered-questions confirm when skipConfirm is true","duration":3.7594000000008236,"failureMessages":[],"meta":{}},{"ancestorTitles":["useSoloSubmission"],"fullName":"useSoloSubmission deduplicates rapid manual submit calls behind one pending operation","status":"passed","title":"deduplicates rapid manual submit calls behind one pending operation","duration":12.5625,"failureMessages":[],"meta":{}},{"ancestorTitles":["useSoloSubmission"],"fullName":"useSoloSubmission passes stable result and operation identity to result persistence for reload recovery","status":"passed","title":"passes stable result and operation identity to result persistence for reload recovery","duration":5.724699999999757,"failureMessages":[],"meta":{}},{"ancestorTitles":["useSoloSubmission"],"fullName":"useSoloSubmission announces unanswered questions without browser confirm when skipConfirm is false (default)","status":"passed","title":"announces unanswered questions without browser confirm when skipConfirm is false (default)","duration":7.6655000000000655,"failureMessages":[],"meta":{}}],"startTime":1782770062896,"endTime":1782770063170.6655,"status":"passed","message":"","name":"C:/Users/The Lord/Desktop/luyentap-writing-import-rebased/src/hooks/solo/useSoloSubmission.test.ts"},{"assertionResults":[{"ancestorTitles":["MobileListeningAnswerSheet","Rendering"],"fullName":"MobileListeningAnswerSheet Rendering renders the sheet when isOpen=true","status":"passed","title":"renders the sheet when isOpen=true","duration":716.9552999999996,"failureMessages":[],"meta":{}},{"ancestorTitles":["MobileListeningAnswerSheet","Rendering"],"fullName":"MobileListeningAnswerSheet Rendering does NOT render when isOpen=false","status":"passed","title":"does NOT render when isOpen=false","duration":5.792400000000271,"failureMessages":[],"meta":{}},{"ancestorTitles":["MobileListeningAnswerSheet","Rendering"],"fullName":"MobileListeningAnswerSheet Rendering renders backdrop when open","status":"passed","title":"renders backdrop when open","duration":274.5069000000003,"failureMessages":[],"meta":{}},{"ancestorTitles":["MobileListeningAnswerSheet","Rendering"],"fullName":"MobileListeningAnswerSheet Rendering renders the correct number of answer inputs","status":"passed","title":"renders the correct number of answer inputs","duration":217.3120000000008,"failureMessages":[],"meta":{}},{"ancestorTitles":["MobileListeningAnswerSheet","Rendering"],"fullName":"MobileListeningAnswerSheet Rendering shows the part number in the header (structural cue — Task 4.10)","status":"passed","title":"shows the part number in the header (structural cue — Task 4.10)","duration":395.96260000000075,"failureMessages":[],"meta":{}},{"ancestorTitles":["MobileListeningAnswerSheet","Rendering"],"fullName":"MobileListeningAnswerSheet Rendering shows question range in the header","status":"passed","title":"shows question range in the header","duration":347.2978999999996,"failureMessages":[],"meta":{}},{"ancestorTitles":["MobileListeningAnswerSheet","Close behavior"],"fullName":"MobileListeningAnswerSheet Close behavior calls onClose when backdrop is clicked","status":"passed","title":"calls onClose when backdrop is clicked","duration":236.59919999999966,"failureMessages":[],"meta":{}},{"ancestorTitles":["MobileListeningAnswerSheet","Close behavior"],"fullName":"MobileListeningAnswerSheet Close behavior calls onClose when close button is clicked","status":"passed","title":"calls onClose when close button is clicked","duration":262.33370000000014,"failureMessages":[],"meta":{}},{"ancestorTitles":["MobileListeningAnswerSheet","Answer interaction"],"fullName":"MobileListeningAnswerSheet Answer interaction calls onAnswerChange when typing in an input","status":"passed","title":"calls onAnswerChange when typing in an input","duration":364.1186000000007,"failureMessages":[],"meta":{}},{"ancestorTitles":["MobileListeningAnswerSheet","Answer interaction"],"fullName":"MobileListeningAnswerSheet Answer interaction displays existing answers in the inputs","status":"passed","title":"displays existing answers in the inputs","duration":268.3777,"failureMessages":[],"meta":{}},{"ancestorTitles":["MobileListeningAnswerSheet","Answer interaction"],"fullName":"MobileListeningAnswerSheet Answer interaction disables inputs when testSubmitted=true","status":"passed","title":"disables inputs when testSubmitted=true","duration":281.9898999999996,"failureMessages":[],"meta":{}},{"ancestorTitles":["MobileListeningAnswerSheet","Answer interaction"],"fullName":"MobileListeningAnswerSheet Answer interaction disables inputs when isLocked=true","status":"passed","title":"disables inputs when isLocked=true","duration":333.7447000000002,"failureMessages":[],"meta":{}},{"ancestorTitles":["MobileListeningAnswerSheet","Part scoping"],"fullName":"MobileListeningAnswerSheet Part scoping renders only questions for the specified part","status":"passed","title":"renders only questions for the specified part","duration":215.88620000000083,"failureMessages":[],"meta":{}},{"ancestorTitles":["MobileListeningAnswerSheet","Footer summary"],"fullName":"MobileListeningAnswerSheet Footer summary shows correct answered count","status":"passed","title":"shows correct answered count","duration":139.07870000000003,"failureMessages":[],"meta":{}},{"ancestorTitles":["MobileListeningAnswerSheet","Footer summary"],"fullName":"MobileListeningAnswerSheet Footer summary shows 0 answered when no answers","status":"passed","title":"shows 0 answered when no answers","duration":123.58300000000054,"failureMessages":[],"meta":{}},{"ancestorTitles":["MobileListeningAnswerSheet","Scroll preservation"],"fullName":"MobileListeningAnswerSheet Scroll preservation calls onScrollChange when body is scrolled","status":"passed","title":"calls onScrollChange when body is scrolled","duration":104.46259999999893,"failureMessages":[],"meta":{}},{"ancestorTitles":["MobileListeningAnswerSheet","Scroll preservation"],"fullName":"MobileListeningAnswerSheet Scroll preservation keeps answer controls above the mobile keyboard and safe area","status":"passed","title":"keeps answer controls above the mobile keyboard and safe area","duration":145.84599999999955,"failureMessages":[],"meta":{}},{"ancestorTitles":["MobileListeningAnswerSheet","Accessibility"],"fullName":"MobileListeningAnswerSheet Accessibility has role=dialog and aria-modal on the sheet","status":"passed","title":"has role=dialog and aria-modal on the sheet","duration":107.98019999999997,"failureMessages":[],"meta":{}},{"ancestorTitles":["MobileListeningAnswerSheet","Accessibility"],"fullName":"MobileListeningAnswerSheet Accessibility has descriptive aria-label on the sheet","status":"passed","title":"has descriptive aria-label on the sheet","duration":136.8770999999997,"failureMessages":[],"meta":{}}],"startTime":1782770059428,"endTime":1782770064108.8772,"status":"passed","message":"","name":"C:/Users/The Lord/Desktop/luyentap-writing-import-rebased/src/components/test/mobile/MobileListeningAnswerSheet.test.tsx"},{"assertionResults":[{"ancestorTitles":["MobileListeningHeader"],"fullName":"MobileListeningHeader renders formatted time","status":"passed","title":"renders formatted time","duration":478.4513999999999,"failureMessages":[],"meta":{}},{"ancestorTitles":["MobileListeningHeader"],"fullName":"MobileListeningHeader uses the compact mobile header height","status":"passed","title":"uses the compact mobile header height","duration":93.42999999999938,"failureMessages":[],"meta":{}},{"ancestorTitles":["MobileListeningHeader"],"fullName":"MobileListeningHeader shows \"Paused\" when isPaused","status":"passed","title":"shows \"Paused\" when isPaused","duration":73.56460000000061,"failureMessages":[],"meta":{}},{"ancestorTitles":["MobileListeningHeader"],"fullName":"MobileListeningHeader shows \"Done\" when testSubmitted","status":"passed","title":"shows \"Done\" when testSubmitted","duration":79.08399999999983,"failureMessages":[],"meta":{}},{"ancestorTitles":["MobileListeningHeader"],"fullName":"MobileListeningHeader submit button is enabled by default","status":"passed","title":"submit button is enabled by default","duration":66.05559999999969,"failureMessages":[],"meta":{}},{"ancestorTitles":["MobileListeningHeader"],"fullName":"MobileListeningHeader submit button is disabled when submitting","status":"passed","title":"submit button is disabled when submitting","duration":47.36359999999968,"failureMessages":[],"meta":{}},{"ancestorTitles":["MobileListeningHeader"],"fullName":"MobileListeningHeader submit button is disabled when paused","status":"passed","title":"submit button is disabled when paused","duration":33.55250000000069,"failureMessages":[],"meta":{}},{"ancestorTitles":["MobileListeningHeader"],"fullName":"MobileListeningHeader submit button is disabled when test submitted","status":"passed","title":"submit button is disabled when test submitted","duration":32.7527999999993,"failureMessages":[],"meta":{}},{"ancestorTitles":["MobileListeningHeader"],"fullName":"MobileListeningHeader fires onSubmitPress when submit tapped","status":"passed","title":"fires onSubmitPress when submit tapped","duration":67.51069999999982,"failureMessages":[],"meta":{}},{"ancestorTitles":["MobileListeningHeader"],"fullName":"MobileListeningHeader fires onOverflowMenuToggle when overflow tapped","status":"passed","title":"fires onOverflowMenuToggle when overflow tapped","duration":39.0007999999998,"failureMessages":[],"meta":{}},{"ancestorTitles":["MobileListeningHeader"],"fullName":"MobileListeningHeader applies low-time color when timeRemaining <= 300","status":"passed","title":"applies low-time color when timeRemaining <= 300","duration":41.219600000000355,"failureMessages":[],"meta":{}},{"ancestorTitles":["MobileListeningHeader"],"fullName":"MobileListeningHeader announces low-time timer state with status semantics","status":"passed","title":"announces low-time timer state with status semantics","duration":509.1887999999999,"failureMessages":[],"meta":{}},{"ancestorTitles":["MobileListeningHeader"],"fullName":"MobileListeningHeader keeps header controls named and at least 44px tall/wide","status":"passed","title":"keeps header controls named and at least 44px tall/wide","duration":495.2017000000005,"failureMessages":[],"meta":{}}],"startTime":1782770060687,"endTime":1782770062745.2017,"status":"passed","message":"","name":"C:/Users/The Lord/Desktop/luyentap-writing-import-rebased/src/components/test/mobile/MobileListeningHeader.test.tsx"},{"assertionResults":[{"ancestorTitles":["mobileListeningState helpers","isCompatibleListeningMobileState"],"fullName":"mobileListeningState helpers isCompatibleListeningMobileState returns true for a valid ListeningSavedMobileState","status":"passed","title":"returns true for a valid ListeningSavedMobileState","duration":1.5695999999998094,"failureMessages":[],"meta":{}},{"ancestorTitles":["mobileListeningState helpers","isCompatibleListeningMobileState"],"fullName":"mobileListeningState helpers isCompatibleListeningMobileState returns false for null","status":"passed","title":"returns false for null","duration":0.16419999999993706,"failureMessages":[],"meta":{}},{"ancestorTitles":["mobileListeningState helpers","isCompatibleListeningMobileState"],"fullName":"mobileListeningState helpers isCompatibleListeningMobileState returns false for a Reading state","status":"passed","title":"returns false for a Reading state","duration":0.11809999999991305,"failureMessages":[],"meta":{}},{"ancestorTitles":["mobileListeningState helpers","isCompatibleListeningMobileState"],"fullName":"mobileListeningState helpers isCompatibleListeningMobileState returns false for unknown version","status":"passed","title":"returns false for unknown version","duration":0.2984000000001288,"failureMessages":[],"meta":{}},{"ancestorTitles":["mobileListeningState helpers","isCompatibleListeningMobileState"],"fullName":"mobileListeningState helpers isCompatibleListeningMobileState returns false for incompatible part count metadata","status":"passed","title":"returns false for incompatible part count metadata","duration":0.1268999999999778,"failureMessages":[],"meta":{}},{"ancestorTitles":["mobileListeningState helpers","isCompatibleListeningMobileState"],"fullName":"mobileListeningState helpers isCompatibleListeningMobileState returns false for incompatible question layout metadata","status":"passed","title":"returns false for incompatible question layout metadata","duration":0.12370000000009895,"failureMessages":[],"meta":{}},{"ancestorTitles":["mobileListeningState helpers","isCompatibleListeningMobileState"],"fullName":"mobileListeningState helpers isCompatibleListeningMobileState returns false for incompatible scope metadata","status":"passed","title":"returns false for incompatible scope metadata","duration":0.08789999999999054,"failureMessages":[],"meta":{}},{"ancestorTitles":["mobileListeningState helpers","hydrateListeningMobileState"],"fullName":"mobileListeningState helpers hydrateListeningMobileState hydrates a valid payload without clamping","status":"passed","title":"hydrates a valid payload without clamping","duration":1.2002999999999702,"failureMessages":[],"meta":{}},{"ancestorTitles":["mobileListeningState helpers","hydrateListeningMobileState"],"fullName":"mobileListeningState helpers hydrateListeningMobileState clamps viewedPartNumber to 1 when out of range","status":"passed","title":"clamps viewedPartNumber to 1 when out of range","duration":0.2903000000001157,"failureMessages":[],"meta":{}},{"ancestorTitles":["mobileListeningState helpers","hydrateListeningMobileState"],"fullName":"mobileListeningState helpers hydrateListeningMobileState clamps viewedPartNumber to 1 when zero","status":"passed","title":"clamps viewedPartNumber to 1 when zero","duration":0.11789999999996326,"failureMessages":[],"meta":{}},{"ancestorTitles":["mobileListeningState helpers","hydrateListeningMobileState"],"fullName":"mobileListeningState helpers hydrateListeningMobileState falls back currentQuestionNumber to first question of part when invalid","status":"passed","title":"falls back currentQuestionNumber to first question of part when invalid","duration":0.08119999999985339,"failureMessages":[],"meta":{}},{"ancestorTitles":["mobileListeningState helpers","hydrateListeningMobileState"],"fullName":"mobileListeningState helpers hydrateListeningMobileState uses fallback text size when none is saved","status":"passed","title":"uses fallback text size when none is saved","duration":0.0702000000001135,"failureMessages":[],"meta":{}},{"ancestorTitles":["mobileListeningState helpers","hydrateListeningMobileState"],"fullName":"mobileListeningState helpers hydrateListeningMobileState strips playback when includingPlayback is false","status":"passed","title":"strips playback when includingPlayback is false","duration":0.07999999999992724,"failureMessages":[],"meta":{}},{"ancestorTitles":["mobileListeningState helpers","hydrateListeningMobileState"],"fullName":"mobileListeningState helpers hydrateListeningMobileState hydrates playback when includingPlayback is true","status":"passed","title":"hydrates playback when includingPlayback is true","duration":0.45259999999984757,"failureMessages":[],"meta":{}},{"ancestorTitles":["mobileListeningState helpers","hydrateListeningMobileState"],"fullName":"mobileListeningState helpers hydrateListeningMobileState drops invalid zoom entries in imageZoomByPart","status":"passed","title":"drops invalid zoom entries in imageZoomByPart","duration":0.23569999999995161,"failureMessages":[],"meta":{}},{"ancestorTitles":["mobileListeningState helpers","hydrateListeningMobileState"],"fullName":"mobileListeningState helpers hydrateListeningMobileState resets scale to 1 when zoom scale is less than 1","status":"passed","title":"resets scale to 1 when zoom scale is less than 1","duration":0.2720000000001619,"failureMessages":[],"meta":{}},{"ancestorTitles":["mobileListeningState helpers","serializeListeningMobileState"],"fullName":"mobileListeningState helpers serializeListeningMobileState serializes with kind and version 1","status":"passed","title":"serializes with kind and version 1","duration":0.29549999999994725,"failureMessages":[],"meta":{}},{"ancestorTitles":["mobileListeningState helpers","serializeListeningMobileState"],"fullName":"mobileListeningState helpers serializeListeningMobileState omits optional fields when not provided","status":"passed","title":"omits optional fields when not provided","duration":0.12040000000001783,"failureMessages":[],"meta":{}},{"ancestorTitles":["mobileListeningState helpers","serializeListeningMobileState"],"fullName":"mobileListeningState helpers serializeListeningMobileState serializes playback ownership fields when provided","status":"passed","title":"serializes playback ownership fields when provided","duration":0.1289000000001579,"failureMessages":[],"meta":{}},{"ancestorTitles":["mobileListeningState helpers","clearListeningTransientState"],"fullName":"mobileListeningState helpers clearListeningTransientState returns all transient states as false","status":"passed","title":"returns all transient states as false","duration":0.10770000000002256,"failureMessages":[],"meta":{}}],"startTime":1782770062062,"endTime":1782770062068.2954,"status":"passed","message":"","name":"C:/Users/The Lord/Desktop/luyentap-writing-import-rebased/src/components/test/mobile/mobileListeningState.test.ts"},{"assertionResults":[{"ancestorTitles":["MobileListeningSubmitSheet"],"fullName":"MobileListeningSubmitSheet shows correct total answered/unanswered counts","status":"passed","title":"shows correct total answered/unanswered counts","duration":365.6403,"failureMessages":[],"meta":{}},{"ancestorTitles":["MobileListeningSubmitSheet"],"fullName":"MobileListeningSubmitSheet renders per-part breakdown","status":"passed","title":"renders per-part breakdown","duration":146.65740000000005,"failureMessages":[],"meta":{}},{"ancestorTitles":["MobileListeningSubmitSheet"],"fullName":"MobileListeningSubmitSheet shows warning when unanswered > 0","status":"passed","title":"shows warning when unanswered > 0","duration":122.18179999999938,"failureMessages":[],"meta":{}},{"ancestorTitles":["MobileListeningSubmitSheet"],"fullName":"MobileListeningSubmitSheet exposes the unanswered warning as validation semantics for screen readers","status":"passed","title":"exposes the unanswered warning as validation semantics for screen readers","duration":482.3249999999998,"failureMessages":[],"meta":{}},{"ancestorTitles":["MobileListeningSubmitSheet"],"fullName":"MobileListeningSubmitSheet hides warning when all questions answered","status":"passed","title":"hides warning when all questions answered","duration":86.43040000000019,"failureMessages":[],"meta":{}},{"ancestorTitles":["MobileListeningSubmitSheet"],"fullName":"MobileListeningSubmitSheet fires onConfirmSubmit when confirm button pressed","status":"passed","title":"fires onConfirmSubmit when confirm button pressed","duration":91.22960000000057,"failureMessages":[],"meta":{}},{"ancestorTitles":["MobileListeningSubmitSheet"],"fullName":"MobileListeningSubmitSheet fires onClose when cancel button pressed","status":"passed","title":"fires onClose when cancel button pressed","duration":78.45219999999972,"failureMessages":[],"meta":{}},{"ancestorTitles":["MobileListeningSubmitSheet"],"fullName":"MobileListeningSubmitSheet fires onClose when backdrop pressed","status":"passed","title":"fires onClose when backdrop pressed","duration":77.03349999999955,"failureMessages":[],"meta":{}},{"ancestorTitles":["MobileListeningSubmitSheet"],"fullName":"MobileListeningSubmitSheet disables confirm button when isSubmitting","status":"passed","title":"disables confirm button when isSubmitting","duration":86.59580000000005,"failureMessages":[],"meta":{}},{"ancestorTitles":["MobileListeningSubmitSheet"],"fullName":"MobileListeningSubmitSheet announces pending submit state without relying on color only","status":"passed","title":"announces pending submit state without relying on color only","duration":79.50839999999971,"failureMessages":[],"meta":{}},{"ancestorTitles":["MobileListeningSubmitSheet"],"fullName":"MobileListeningSubmitSheet keeps visible action controls at or above the 44px mobile floor","status":"passed","title":"keeps visible action controls at or above the 44px mobile floor","duration":316.47909999999956,"failureMessages":[],"meta":{}},{"ancestorTitles":["MobileListeningSubmitSheet"],"fullName":"MobileListeningSubmitSheet keeps the submit sheet keyboard reachable","status":"passed","title":"keeps the submit sheet keyboard reachable","duration":109.33320000000003,"failureMessages":[],"meta":{}},{"ancestorTitles":["MobileListeningSubmitSheet"],"fullName":"MobileListeningSubmitSheet treats empty strings as unanswered","status":"passed","title":"treats empty strings as unanswered","duration":59.286700000000565,"failureMessages":[],"meta":{}},{"ancestorTitles":["MobileListeningSubmitSheet"],"fullName":"MobileListeningSubmitSheet handles singular \"question\" in warning correctly","status":"passed","title":"handles singular \"question\" in warning correctly","duration":77.8094000000001,"failureMessages":[],"meta":{}}],"startTime":1782770060279,"endTime":1782770062457.8093,"status":"passed","message":"","name":"C:/Users/The Lord/Desktop/luyentap-writing-import-rebased/src/components/test/mobile/MobileListeningSubmitSheet.test.tsx"},{"assertionResults":[{"ancestorTitles":["AudioPlayer"],"fullName":"AudioPlayer attempts playback directly from the play tap in the mobile layout","status":"passed","title":"attempts playback directly from the play tap in the mobile layout","duration":1126.9755999999998,"failureMessages":[],"meta":{}},{"ancestorTitles":["AudioPlayer"],"fullName":"AudioPlayer renders touch-friendly controls in the mobile layout","status":"passed","title":"renders touch-friendly controls in the mobile layout","duration":63.20440000000053,"failureMessages":[],"meta":{}},{"ancestorTitles":["AudioPlayer"],"fullName":"AudioPlayer keeps the speed select in sync with external playbackSpeed changes","status":"passed","title":"keeps the speed select in sync with external playbackSpeed changes","duration":68.67799999999988,"failureMessages":[],"meta":{}},{"ancestorTitles":["AudioPlayer"],"fullName":"AudioPlayer restarts playback after changing source while active","status":"passed","title":"restarts playback after changing source while active","duration":46.21069999999963,"failureMessages":[],"meta":{}},{"ancestorTitles":["AudioPlayer"],"fullName":"AudioPlayer finishes the section instead of auto-replaying when audio ends","status":"passed","title":"finishes the section instead of auto-replaying when audio ends","duration":56.32330000000002,"failureMessages":[],"meta":{}}],"startTime":1782770062204,"endTime":1782770063565.3232,"status":"passed","message":"","name":"C:/Users/The Lord/Desktop/luyentap-writing-import-rebased/src/skills/listening/components/AudioPlayer.test.tsx"},{"assertionResults":[{"ancestorTitles":["Listening asset authorized delivery service"],"fullName":"Listening asset authorized delivery service issues a 60-minute URL for a result viewer authorized by retained immutable version references","status":"passed","title":"issues a 60-minute URL for a result viewer authorized by retained immutable version references","duration":16.91780000000017,"failureMessages":[],"meta":{}},{"ancestorTitles":["Listening asset authorized delivery service"],"fullName":"Listening asset authorized delivery service issues a URL for a solo student only when the retained graph matches test, version, and student scope","status":"passed","title":"issues a URL for a solo student only when the retained graph matches test, version, and student scope","duration":1.4638999999997395,"failureMessages":[],"meta":{}},{"ancestorTitles":["Listening asset authorized delivery service"],"fullName":"Listening asset authorized delivery service denies solo possession of a known asset ID when no retained test/version/student access exists","status":"passed","title":"denies solo possession of a known asset ID when no retained test/version/student access exists","duration":7.017100000000028,"failureMessages":[],"meta":{}},{"ancestorTitles":["Listening asset authorized delivery service"],"fullName":"Listening asset authorized delivery service denies solo issuance when the trusted caller does not match the scoped student","status":"passed","title":"denies solo issuance when the trusted caller does not match the scoped student","duration":0.7449999999998909,"failureMessages":[],"meta":{}},{"ancestorTitles":["Listening asset authorized delivery service"],"fullName":"Listening asset authorized delivery service allows the asset owner through the trusted graph without granting other teachers by known asset ID","status":"passed","title":"allows the asset owner through the trusted graph without granting other teachers by known asset ID","duration":4.052499999999782,"failureMessages":[],"meta":{}},{"ancestorTitles":["Listening asset authorized delivery service"],"fullName":"Listening asset authorized delivery service denies known asset ID access when no active retained result/version authorization exists","status":"passed","title":"denies known asset ID access when no active retained result/version authorization exists","duration":0.5624000000007072,"failureMessages":[],"meta":{}},{"ancestorTitles":["Listening asset authorized delivery service"],"fullName":"Listening asset authorized delivery service denies cross-user result review issuance even when the asset ID and result ID are valid","status":"passed","title":"denies cross-user result review issuance even when the asset ID and result ID are valid","duration":0.559200000000601,"failureMessages":[],"meta":{}},{"ancestorTitles":["Listening asset authorized delivery service"],"fullName":"Listening asset authorized delivery service rejects browser-side issuance before graph resolution or signing","status":"passed","title":"rejects browser-side issuance before graph resolution or signing","duration":2.533100000000559,"failureMessages":[],"meta":{}},{"ancestorTitles":["Listening asset authorized delivery service"],"fullName":"Listening asset authorized delivery service fails closed for non-206 range response and never signs a URL","status":"passed","title":"fails closed for non-206 range response and never signs a URL","duration":1.2602999999999156,"failureMessages":[],"meta":{}},{"ancestorTitles":["Listening asset authorized delivery service"],"fullName":"Listening asset authorized delivery service fails closed for missing Accept-Ranges and never signs a URL","status":"passed","title":"fails closed for missing Accept-Ranges and never signs a URL","duration":3.2516999999998006,"failureMessages":[],"meta":{}},{"ancestorTitles":["Listening asset authorized delivery service"],"fullName":"Listening asset authorized delivery service fails closed for unstable Content-Length and never signs a URL","status":"passed","title":"fails closed for unstable Content-Length and never signs a URL","duration":0.8429000000005544,"failureMessages":[],"meta":{}},{"ancestorTitles":["Listening asset authorized delivery service"],"fullName":"Listening asset authorized delivery service fails closed for malformed Content-Range and never signs a URL","status":"passed","title":"fails closed for malformed Content-Range and never signs a URL","duration":0.29209999999966385,"failureMessages":[],"meta":{}},{"ancestorTitles":["Listening asset authorized delivery service"],"fullName":"Listening asset authorized delivery service refreshes only below the 10-minute threshold and preserves the previous URL until the new one is ready","status":"passed","title":"refreshes only below the 10-minute threshold and preserves the previous URL until the new one is ready","duration":0.8055999999996857,"failureMessages":[],"meta":{}},{"ancestorTitles":["Listening asset authorized delivery service"],"fullName":"Listening asset authorized delivery service rejects expired delivery URLs instead of accepting prior signed URLs as authorization","status":"passed","title":"rejects expired delivery URLs instead of accepting prior signed URLs as authorization","duration":0.2997000000004846,"failureMessages":[],"meta":{}}],"startTime":1782770060108,"endTime":1782770060154.2998,"status":"passed","message":"","name":"C:/Users/The Lord/Desktop/luyentap-writing-import-rebased/src/features/assessment/listening/storage/listeningAssetDelivery.service.test.ts"},{"assertionResults":[{"ancestorTitles":["listeningSoloDeliveryAdapter"],"fullName":"listeningSoloDeliveryAdapter keeps legacy public audio read-only and does not call the delivery issuer","status":"passed","title":"keeps legacy public audio read-only and does not call the delivery issuer","duration":3.4172000000000935,"failureMessages":[],"meta":{}},{"ancestorTitles":["listeningSoloDeliveryAdapter"],"fullName":"listeningSoloDeliveryAdapter resolves asset-ID solo audio through authorized delivery scoped to homework test/version/student","status":"passed","title":"resolves asset-ID solo audio through authorized delivery scoped to homework test/version/student","duration":2.6011000000000877,"failureMessages":[],"meta":{}},{"ancestorTitles":["listeningSoloDeliveryAdapter"],"fullName":"listeningSoloDeliveryAdapter requires immutable version scope before resolving an asset-ID section","status":"passed","title":"requires immutable version scope before resolving an asset-ID section","duration":1.259499999999889,"failureMessages":[],"meta":{}},{"ancestorTitles":["listeningSoloDeliveryAdapter"],"fullName":"listeningSoloDeliveryAdapter reads legacy freeze version metadata from student-safe payloads","status":"passed","title":"reads legacy freeze version metadata from student-safe payloads","duration":0.26949999999987995,"failureMessages":[],"meta":{}},{"ancestorTitles":["listeningSoloDeliveryAdapter"],"fullName":"listeningSoloDeliveryAdapter delegates refresh with the same solo authorization scope and preserves previous URL handoff metadata","status":"passed","title":"delegates refresh with the same solo authorization scope and preserves previous URL handoff metadata","duration":0.8802000000000589,"failureMessages":[],"meta":{}}],"startTime":1782770061408,"endTime":1782770061415.8801,"status":"passed","message":"","name":"C:/Users/The Lord/Desktop/luyentap-writing-import-rebased/src/features/assessment/listening/runtime/solo/listeningSoloDeliveryAdapter.test.ts"},{"assertionResults":[{"ancestorTitles":["listeningSoloDeliveryClient"],"fullName":"listeningSoloDeliveryClient resolves an explicit solo delivery endpoint before the shared upload Worker fallback","status":"passed","title":"resolves an explicit solo delivery endpoint before the shared upload Worker fallback","duration":1.2226000000000568,"failureMessages":[],"meta":{}},{"ancestorTitles":["listeningSoloDeliveryClient"],"fullName":"listeningSoloDeliveryClient posts asset and solo scope with a Firebase token while deriving student authority from auth","status":"passed","title":"posts asset and solo scope with a Firebase token while deriving student authority from auth","duration":7.8211999999998625,"failureMessages":[],"meta":{}},{"ancestorTitles":["listeningSoloDeliveryClient"],"fullName":"listeningSoloDeliveryClient requires a Firebase ID token before requesting delivery","status":"passed","title":"requires a Firebase ID token before requesting delivery","duration":0.9555000000000291,"failureMessages":[],"meta":{}},{"ancestorTitles":["listeningSoloDeliveryClient"],"fullName":"listeningSoloDeliveryClient surfaces safe Worker error codes on delivery failure","status":"passed","title":"surfaces safe Worker error codes on delivery failure","duration":0.7597000000000662,"failureMessages":[],"meta":{}}],"startTime":1782770061305,"endTime":1782770061315.7598,"status":"passed","message":"","name":"C:/Users/The Lord/Desktop/luyentap-writing-import-rebased/src/features/assessment/listening/runtime/solo/listeningSoloDeliveryClient.test.ts"},{"assertionResults":[{"ancestorTitles":["PRD-0055 Task 7 local solo rollout evaluator"],"fullName":"PRD-0055 Task 7 local solo rollout evaluator accepts internal-fixture rollout while leaving selected and percentage traffic unclaimed","status":"passed","title":"accepts internal-fixture rollout while leaving selected and percentage traffic unclaimed","duration":3.0105999999998403,"failureMessages":[],"meta":{}},{"ancestorTitles":["PRD-0055 Task 7 local solo rollout evaluator"],"fullName":"PRD-0055 Task 7 local solo rollout evaluator blocks on missing proof, unauthorized selected traffic, missing metrics, regressions, or protected drift","status":"passed","title":"blocks on missing proof, unauthorized selected traffic, missing metrics, regressions, or protected drift","duration":1.0341000000000804,"failureMessages":[],"meta":{}},{"ancestorTitles":["PRD-0055 Task 7 local solo rollout evaluator"],"fullName":"PRD-0055 Task 7 local solo rollout evaluator allows authorized selected traffic and percentage rollout only with clean proof and healthy metrics","status":"passed","title":"allows authorized selected traffic and percentage rollout only with clean proof and healthy metrics","duration":0.5279000000000451,"failureMessages":[],"meta":{}}],"startTime":1782770063320,"endTime":1782770063325.5278,"status":"passed","message":"","name":"C:/Users/The Lord/Desktop/luyentap-writing-import-rebased/src/features/assessment/listening/runtime/solo/listeningTask7LocalRollout.test.ts"}]}