{"numTotalTestSuites":22,"numPassedTestSuites":22,"numFailedTestSuites":0,"numPendingTestSuites":0,"numTotalTests":150,"numPassedTests":150,"numFailedTests":0,"numPendingTests":0,"numTodoTests":0,"snapshot":{"added":0,"failure":false,"filesAdded":0,"filesRemoved":0,"filesRemovedList":[],"filesUnmatched":0,"filesUpdated":0,"matched":0,"total":0,"unchecked":0,"uncheckedKeysByFile":[],"unmatched":0,"updated":0,"didUpdate":false},"startTime":1782818562863,"success":true,"testResults":[{"assertionResults":[{"ancestorTitles":["PRD-0057 Worker authoring backend"],"fullName":"PRD-0057 Worker authoring backend routes save, publish, and lifecycle through authenticated Worker authority","status":"passed","title":"routes save, publish, and lifecycle through authenticated Worker authority","duration":35,"failureMessages":[],"meta":{},"tags":[]},{"ancestorTitles":["PRD-0057 Worker authoring backend"],"fullName":"PRD-0057 Worker authoring backend rejects browser owner authority and Spark write gates before mutation","status":"passed","title":"rejects browser owner authority and Spark write gates before mutation","duration":3,"failureMessages":[],"meta":{},"tags":[]},{"ancestorTitles":["PRD-0057 Worker authoring backend"],"fullName":"PRD-0057 Worker authoring backend freezes legacy first-edit metadata with scoped RTDB CAS writes","status":"passed","title":"freezes legacy first-edit metadata with scoped RTDB CAS writes","duration":16,"failureMessages":[],"meta":{},"tags":[]}],"startTime":1782818575279,"endTime":1782818575334,"status":"passed","message":"","name":"C:/Users/The Lord/Desktop/luyentap-writing-import-rebased/cloudflare/test/listening-authoring-worker.test.ts"},{"assertionResults":[{"ancestorTitles":["PRD-0055 Worker result-review Listening delivery"],"fullName":"PRD-0055 Worker result-review Listening delivery issues result-review delivery through authenticated trusted-server authority","status":"passed","title":"issues result-review delivery through authenticated trusted-server authority","duration":17,"failureMessages":[],"meta":{},"tags":[]},{"ancestorTitles":["PRD-0055 Worker result-review Listening delivery"],"fullName":"PRD-0055 Worker result-review Listening delivery rejects browser-provided authority before issuing delivery","status":"passed","title":"rejects browser-provided authority before issuing delivery","duration":5,"failureMessages":[],"meta":{},"tags":[]},{"ancestorTitles":["PRD-0055 Worker result-review Listening delivery"],"fullName":"PRD-0055 Worker result-review Listening delivery requires result and immutable version scope","status":"passed","title":"requires result and immutable version scope","duration":5,"failureMessages":[],"meta":{},"tags":[]}],"startTime":1782818575181,"endTime":1782818575208,"status":"passed","message":"","name":"C:/Users/The Lord/Desktop/luyentap-writing-import-rebased/cloudflare/test/listening-delivery-worker.test.ts"},{"assertionResults":[{"ancestorTitles":["PRD-0056A Worker bridge grant"],"fullName":"PRD-0056A Worker bridge grant allows only exact approved bridge origins for Worker session CORS headers","status":"passed","title":"allows only exact approved bridge origins for Worker session CORS headers","duration":6,"failureMessages":[],"meta":{},"tags":[]},{"ancestorTitles":["PRD-0056A Worker bridge grant"],"fullName":"PRD-0056A Worker bridge grant issues idempotent owner-scoped session and asset identities with exact canonical temp key","status":"passed","title":"issues idempotent owner-scoped session and asset identities with exact canonical temp key","duration":17,"failureMessages":[],"meta":{},"tags":[]},{"ancestorTitles":["PRD-0056A Worker bridge grant"],"fullName":"PRD-0056A Worker bridge grant rejects expired sessions, cross-owner access, and browser authority fields without leaking sensitive values","status":"passed","title":"rejects expired sessions, cross-owner access, and browser authority fields without leaking sensitive values","duration":6,"failureMessages":[],"meta":{},"tags":[]},{"ancestorTitles":["PRD-0056A Worker bridge grant"],"fullName":"PRD-0056A Worker bridge grant rejects media contracts outside MP3, M4A, AAC, WAV, and OGG","status":"passed","title":"rejects media contracts outside MP3, M4A, AAC, WAV, and OGG","duration":2,"failureMessages":[],"meta":{},"tags":[]},{"ancestorTitles":["PRD-0056A Worker bridge grant"],"fullName":"PRD-0056A Worker bridge grant treats missing RTDB empty maps as empty when issuing an asset","status":"passed","title":"treats missing RTDB empty maps as empty when issuing an asset","duration":6,"failureMessages":[],"meta":{},"tags":[]},{"ancestorTitles":["PRD-0056A Worker bridge grant"],"fullName":"PRD-0056A Worker bridge grant routes create-session and issue-asset POSTs through worker auth without Cloud Functions","status":"passed","title":"routes create-session and issue-asset POSTs through worker auth without Cloud Functions","duration":9,"failureMessages":[],"meta":{},"tags":[]},{"ancestorTitles":["PRD-0056A Worker bridge grant"],"fullName":"PRD-0056A Worker bridge grant maps bridge dependency failures to sanitized non-secret response codes","status":"passed","title":"maps bridge dependency failures to sanitized non-secret response codes","duration":3,"failureMessages":[],"meta":{},"tags":[]},{"ancestorTitles":["PRD-0056A Worker bridge grant"],"fullName":"PRD-0056A Worker bridge grant calls default Firebase REST fetch through the global receiver","status":"passed","title":"calls default Firebase REST fetch through the global receiver","duration":4,"failureMessages":[],"meta":{},"tags":[]},{"ancestorTitles":["PRD-0056A Worker bridge grant"],"fullName":"PRD-0056A Worker bridge grant accepts only an exact, unexpired, single-use bridge tuple and preserves S0 route handling","status":"passed","title":"accepts only an exact, unexpired, single-use bridge tuple and preserves S0 route handling","duration":7,"failureMessages":[],"meta":{},"tags":[]},{"ancestorTitles":["PRD-0056A Worker bridge grant"],"fullName":"PRD-0056A Worker bridge grant rejects a signed old-prefix bridge claim and keeps sensitive request values out of logs","status":"passed","title":"rejects a signed old-prefix bridge claim and keeps sensitive request values out of logs","duration":8,"failureMessages":[],"meta":{},"tags":[]},{"ancestorTitles":["PRD-0056A Worker bridge grant"],"fullName":"PRD-0056A Worker bridge grant rejects expired grants and request media contract mismatches before accepting bytes","status":"passed","title":"rejects expired grants and request media contract mismatches before accepting bytes","duration":15,"failureMessages":[],"meta":{},"tags":[]},{"ancestorTitles":["PRD-0056A Worker bridge grant"],"fullName":"PRD-0056A Worker bridge grant retries owner-branch create on Firebase RTDB precondition failure and returns concurrent winner","status":"passed","title":"retries owner-branch create on Firebase RTDB precondition failure and returns concurrent winner","duration":5,"failureMessages":[],"meta":{},"tags":[]},{"ancestorTitles":["PRD-0056A Worker bridge grant"],"fullName":"PRD-0056A Worker bridge grant retries session-branch asset issue on Firebase RTDB precondition failure and returns concurrent winner asset","status":"passed","title":"retries session-branch asset issue on Firebase RTDB precondition failure and returns concurrent winner asset","duration":8,"failureMessages":[],"meta":{},"tags":[]}],"startTime":1782818575188,"endTime":1782818575285,"status":"passed","message":"","name":"C:/Users/The Lord/Desktop/luyentap-writing-import-rebased/cloudflare/test/listening-upload-session-bridge.test.ts"},{"assertionResults":[{"ancestorTitles":["R2 temp lifecycle config verifier"],"fullName":"R2 temp lifecycle config verifier accepts only one-day expiration scoped to temp/ and rejects durable prefixes","status":"passed","title":"accepts only one-day expiration scoped to temp/ and rejects durable prefixes","duration":6,"failureMessages":[],"meta":{},"tags":[]},{"ancestorTitles":["R2 temp lifecycle config verifier"],"fullName":"R2 temp lifecycle config verifier rejects configs that include durable assessment asset prefixes","status":"passed","title":"rejects configs that include durable assessment asset prefixes","duration":2,"failureMessages":[],"meta":{},"tags":[]}],"startTime":1782818576538,"endTime":1782818576545,"status":"passed","message":"","name":"C:/Users/The Lord/Desktop/luyentap-writing-import-rebased/cloudflare/test/r2-lifecycle-config.test.ts"},{"assertionResults":[{"ancestorTitles":["upload-worker Firebase verifier"],"fullName":"upload-worker Firebase verifier verifies Firebase tokens with JWKS, issuer, audience, and maps sub to uid","status":"passed","title":"verifies Firebase tokens with JWKS, issuer, audience, and maps sub to uid","duration":8,"failureMessages":[],"meta":{},"tags":[]},{"ancestorTitles":["upload-worker Firebase verifier"],"fullName":"upload-worker Firebase verifier rejects missing and malformed bearer headers without calling JWT verification","status":"passed","title":"rejects missing and malformed bearer headers without calling JWT verification","duration":1,"failureMessages":[],"meta":{},"tags":[]},{"ancestorTitles":["upload-worker Firebase verifier"],"fullName":"upload-worker Firebase verifier rejects tokens without a subject uid","status":"passed","title":"rejects tokens without a subject uid","duration":2,"failureMessages":[],"meta":{},"tags":[]},{"ancestorTitles":["upload-worker Firebase verifier"],"fullName":"upload-worker Firebase verifier keeps token verification injectable for route tests without Google network","status":"passed","title":"keeps token verification injectable for route tests without Google network","duration":2,"failureMessages":[],"meta":{},"tags":[]},{"ancestorTitles":["upload-worker Firebase verifier"],"fullName":"upload-worker Firebase verifier exposes the Firebase securetoken JWKS endpoint without service-account secrets","status":"passed","title":"exposes the Firebase securetoken JWKS endpoint without service-account secrets","duration":1,"failureMessages":[],"meta":{},"tags":[]}],"startTime":1782818574944,"endTime":1782818574958,"status":"passed","message":"","name":"C:/Users/The Lord/Desktop/luyentap-writing-import-rebased/cloudflare/__tests__/firebase-verification.test.js"},{"assertionResults":[{"ancestorTitles":["Task 2.9 opaque upload and move grants"],"fullName":"Task 2.9 opaque upload and move grants requires opaque upload grant instead of browser raw key authority","status":"passed","title":"requires opaque upload grant instead of browser raw key authority","duration":13,"failureMessages":[],"meta":{},"tags":[]},{"ancestorTitles":["Task 2.9 opaque upload and move grants"],"fullName":"Task 2.9 opaque upload and move grants rejects tampered upload grants before R2 writes","status":"passed","title":"rejects tampered upload grants before R2 writes","duration":6,"failureMessages":[],"meta":{},"tags":[]},{"ancestorTitles":["Task 2.9 opaque upload and move grants"],"fullName":"Task 2.9 opaque upload and move grants rejects upload grants used by a different verified UID","status":"passed","title":"rejects upload grants used by a different verified UID","duration":4,"failureMessages":[],"meta":{},"tags":[]},{"ancestorTitles":["Task 2.9 opaque upload and move grants"],"fullName":"Task 2.9 opaque upload and move grants rejects expired upload grants before R2 writes","status":"passed","title":"rejects expired upload grants before R2 writes","duration":2,"failureMessages":[],"meta":{},"tags":[]},{"ancestorTitles":["Task 2.9 opaque upload and move grants"],"fullName":"Task 2.9 opaque upload and move grants rejects replayed upload grant and preserves the first object","status":"passed","title":"rejects replayed upload grant and preserves the first object","duration":6,"failureMessages":[],"meta":{},"tags":[]},{"ancestorTitles":["Task 2.9 opaque upload and move grants"],"fullName":"Task 2.9 opaque upload and move grants rejects replayed avatar upload grant before overwrite","status":"passed","title":"rejects replayed avatar upload grant before overwrite","duration":7,"failureMessages":[],"meta":{},"tags":[]},{"ancestorTitles":["Task 2.9 opaque upload and move grants"],"fullName":"Task 2.9 opaque upload and move grants allows fresh avatar grants to replace the avatar singleton","status":"passed","title":"allows fresh avatar grants to replace the avatar singleton","duration":9,"failureMessages":[],"meta":{},"tags":[]},{"ancestorTitles":["Task 2.9 opaque upload and move grants"],"fullName":"Task 2.9 opaque upload and move grants rejects move without move grant and treats sourceKey/destKey as assertions only","status":"passed","title":"rejects move without move grant and treats sourceKey/destKey as assertions only","duration":2,"failureMessages":[],"meta":{},"tags":[]},{"ancestorTitles":["Task 2.9 opaque upload and move grants"],"fullName":"Task 2.9 opaque upload and move grants rejects replayed move grant before any second R2 access","status":"passed","title":"rejects replayed move grant before any second R2 access","duration":5,"failureMessages":[],"meta":{},"tags":[]},{"ancestorTitles":["Task 2.9 opaque upload and move grants"],"fullName":"Task 2.9 opaque upload and move grants fails closed when replay protection binding is unavailable","status":"passed","title":"fails closed when replay protection binding is unavailable","duration":13,"failureMessages":[],"meta":{},"tags":[]},{"ancestorTitles":["Task 2.9 opaque upload and move grants"],"fullName":"Task 2.9 opaque upload and move grants enforces rate controls before issuing grants or touching R2","status":"passed","title":"enforces rate controls before issuing grants or touching R2","duration":3,"failureMessages":[],"meta":{},"tags":[]},{"ancestorTitles":["Task 2.9 opaque upload and move grants"],"fullName":"Task 2.9 opaque upload and move grants enforces the 50 MB ceiling on authorize and upload requests","status":"passed","title":"enforces the 50 MB ceiling on authorize and upload requests","duration":2,"failureMessages":[],"meta":{},"tags":[]}],"startTime":1782818575185,"endTime":1782818575258,"status":"passed","message":"","name":"C:/Users/The Lord/Desktop/luyentap-writing-import-rebased/cloudflare/__tests__/grant-authority.test.js"},{"assertionResults":[{"ancestorTitles":["PRD-0056 hardened Worker negative contract"],"fullName":"PRD-0056 hardened Worker negative contract missing auth denied","status":"passed","title":"missing auth denied","duration":10,"failureMessages":[],"meta":{},"tags":[]},{"ancestorTitles":["PRD-0056 hardened Worker negative contract"],"fullName":"PRD-0056 hardened Worker negative contract invalid auth denied","status":"passed","title":"invalid auth denied","duration":2,"failureMessages":[],"meta":{},"tags":[]},{"ancestorTitles":["PRD-0056 hardened Worker negative contract"],"fullName":"PRD-0056 hardened Worker negative contract expired Firebase token denied","status":"passed","title":"expired Firebase token denied","duration":3,"failureMessages":[],"meta":{},"tags":[]},{"ancestorTitles":["PRD-0056 hardened Worker negative contract"],"fullName":"PRD-0056 hardened Worker negative contract wrong Firebase audience denied","status":"passed","title":"wrong Firebase audience denied","duration":4,"failureMessages":[],"meta":{},"tags":[]},{"ancestorTitles":["PRD-0056 hardened Worker negative contract"],"fullName":"PRD-0056 hardened Worker negative contract cross-owner upload denied","status":"passed","title":"cross-owner upload denied","duration":4,"failureMessages":[],"meta":{},"tags":[]},{"ancestorTitles":["PRD-0056 hardened Worker negative contract"],"fullName":"PRD-0056 hardened Worker negative contract cross-owner move denied","status":"passed","title":"cross-owner move denied","duration":8,"failureMessages":[],"meta":{},"tags":[]},{"ancestorTitles":["PRD-0056 hardened Worker negative contract"],"fullName":"PRD-0056 hardened Worker negative contract raw sourceKey/destKey cannot move arbitrary object","status":"passed","title":"raw sourceKey/destKey cannot move arbitrary object","duration":2,"failureMessages":[],"meta":{},"tags":[]},{"ancestorTitles":["PRD-0056 hardened Worker negative contract"],"fullName":"PRD-0056 hardened Worker negative contract forbidden prefix upload denied","status":"passed","title":"forbidden prefix upload denied","duration":3,"failureMessages":[],"meta":{},"tags":[]},{"ancestorTitles":["PRD-0056 hardened Worker negative contract"],"fullName":"PRD-0056 hardened Worker negative contract forbidden prefix move denied","status":"passed","title":"forbidden prefix move denied","duration":7,"failureMessages":[],"meta":{},"tags":[]},{"ancestorTitles":["PRD-0056 hardened Worker negative contract"],"fullName":"PRD-0056 hardened Worker negative contract path traversal denied","status":"passed","title":"path traversal denied","duration":8,"failureMessages":[],"meta":{},"tags":[]},{"ancestorTitles":["PRD-0056 hardened Worker negative contract"],"fullName":"PRD-0056 hardened Worker negative contract encoded traversal denied","status":"passed","title":"encoded traversal denied","duration":4,"failureMessages":[],"meta":{},"tags":[]},{"ancestorTitles":["PRD-0056 hardened Worker negative contract"],"fullName":"PRD-0056 hardened Worker negative contract wildcard/unapproved CORS origin denied","status":"passed","title":"wildcard/unapproved CORS origin denied","duration":7,"failureMessages":[],"meta":{},"tags":[]},{"ancestorTitles":["PRD-0056 hardened Worker negative contract"],"fullName":"PRD-0056 hardened Worker negative contract approved CORS origin accepted without wildcard","status":"passed","title":"approved CORS origin accepted without wildcard","duration":5,"failureMessages":[],"meta":{},"tags":[]},{"ancestorTitles":["PRD-0056 hardened Worker negative contract"],"fullName":"PRD-0056 hardened Worker negative contract unsupported method denied","status":"passed","title":"unsupported method denied","duration":2,"failureMessages":[],"meta":{},"tags":[]},{"ancestorTitles":["PRD-0056 hardened Worker negative contract"],"fullName":"PRD-0056 hardened Worker negative contract GET denied even if baseline advertises GET","status":"passed","title":"GET denied even if baseline advertises GET","duration":2,"failureMessages":[],"meta":{},"tags":[]},{"ancestorTitles":["PRD-0056 hardened Worker negative contract"],"fullName":"PRD-0056 hardened Worker negative contract DELETE denied even if baseline advertises DELETE","status":"passed","title":"DELETE denied even if baseline advertises DELETE","duration":2,"failureMessages":[],"meta":{},"tags":[]},{"ancestorTitles":["PRD-0056 hardened Worker negative contract"],"fullName":"PRD-0056 hardened Worker negative contract upload over 50 MB denied","status":"passed","title":"upload over 50 MB denied","duration":2,"failureMessages":[],"meta":{},"tags":[]},{"ancestorTitles":["PRD-0056 hardened Worker negative contract"],"fullName":"PRD-0056 hardened Worker negative contract missing Content-Length denied","status":"passed","title":"missing Content-Length denied","duration":6,"failureMessages":[],"meta":{},"tags":[]},{"ancestorTitles":["PRD-0056 hardened Worker negative contract"],"fullName":"PRD-0056 hardened Worker negative contract replayed upload grant denied","status":"passed","title":"replayed upload grant denied","duration":18,"failureMessages":[],"meta":{},"tags":[]},{"ancestorTitles":["PRD-0056 hardened Worker negative contract"],"fullName":"PRD-0056 hardened Worker negative contract expired upload grant denied","status":"passed","title":"expired upload grant denied","duration":3,"failureMessages":[],"meta":{},"tags":[]},{"ancestorTitles":["PRD-0056 hardened Worker negative contract"],"fullName":"PRD-0056 hardened Worker negative contract replayed move grant cannot move different object","status":"passed","title":"replayed move grant cannot move different object","duration":5,"failureMessages":[],"meta":{},"tags":[]},{"ancestorTitles":["PRD-0056 hardened Worker negative contract"],"fullName":"PRD-0056 hardened Worker negative contract logs exclude token, grant, URL, secret, key, UID, and audio body","status":"passed","title":"logs exclude token, grant, URL, secret, key, UID, and audio body","duration":12,"failureMessages":[],"meta":{},"tags":[]}],"startTime":1782818575187,"endTime":1782818575311,"status":"passed","message":"","name":"C:/Users/The Lord/Desktop/luyentap-writing-import-rebased/cloudflare/__tests__/hardened-negative-contract.test.js"},{"assertionResults":[{"ancestorTitles":["Packet 2I integrated authentication and authority closure"],"fullName":"Packet 2I integrated authentication and authority closure keeps OPTIONS governed only by exact-origin CORS preflight policy","status":"passed","title":"keeps OPTIONS governed only by exact-origin CORS preflight policy","duration":8,"failureMessages":[],"meta":{},"tags":[]},{"ancestorTitles":["Packet 2I integrated authentication and authority closure"],"fullName":"Packet 2I integrated authentication and authority closure authenticates authorize route before rate, routing, grant handling, or R2","status":"passed","title":"authenticates authorize route before rate, routing, grant handling, or R2","duration":4,"failureMessages":[],"meta":{},"tags":[]},{"ancestorTitles":["Packet 2I integrated authentication and authority closure"],"fullName":"Packet 2I integrated authentication and authority closure authenticates legacy authorize route before rate, routing, grant handling, or R2","status":"passed","title":"authenticates legacy authorize route before rate, routing, grant handling, or R2","duration":2,"failureMessages":[],"meta":{},"tags":[]},{"ancestorTitles":["Packet 2I integrated authentication and authority closure"],"fullName":"Packet 2I integrated authentication and authority closure authenticates upload route before rate, routing, grant handling, or R2","status":"passed","title":"authenticates upload route before rate, routing, grant handling, or R2","duration":2,"failureMessages":[],"meta":{},"tags":[]},{"ancestorTitles":["Packet 2I integrated authentication and authority closure"],"fullName":"Packet 2I integrated authentication and authority closure authenticates move route before rate, routing, grant handling, or R2","status":"passed","title":"authenticates move route before rate, routing, grant handling, or R2","duration":1,"failureMessages":[],"meta":{},"tags":[]},{"ancestorTitles":["Packet 2I integrated authentication and authority closure"],"fullName":"Packet 2I integrated authentication and authority closure authenticates unsupported GET before rate, routing, grant handling, or R2","status":"passed","title":"authenticates unsupported GET before rate, routing, grant handling, or R2","duration":2,"failureMessages":[],"meta":{},"tags":[]},{"ancestorTitles":["Packet 2I integrated authentication and authority closure"],"fullName":"Packet 2I integrated authentication and authority closure authenticates unsupported DELETE before rate, routing, grant handling, or R2","status":"passed","title":"authenticates unsupported DELETE before rate, routing, grant handling, or R2","duration":3,"failureMessages":[],"meta":{},"tags":[]},{"ancestorTitles":["Packet 2I integrated authentication and authority closure"],"fullName":"Packet 2I integrated authentication and authority closure authenticates unsupported path and method before rate, routing, grant handling, or R2","status":"passed","title":"authenticates unsupported path and method before rate, routing, grant handling, or R2","duration":2,"failureMessages":[],"meta":{},"tags":[]},{"ancestorTitles":["Packet 2I integrated authentication and authority closure"],"fullName":"Packet 2I integrated authentication and authority closure uses verified sub as sole owner despite browser identity fields","status":"passed","title":"uses verified sub as sole owner despite browser identity fields","duration":14,"failureMessages":[],"meta":{},"tags":[]},{"ancestorTitles":["Packet 2I integrated authentication and authority closure"],"fullName":"Packet 2I integrated authentication and authority closure lets filename affect only sanitized basename after operation, prefix, and owner derivation","status":"passed","title":"lets filename affect only sanitized basename after operation, prefix, and owner derivation","duration":20,"failureMessages":[],"meta":{},"tags":[]},{"ancestorTitles":["Packet 2I integrated authentication and authority closure"],"fullName":"Packet 2I integrated authentication and authority closure rejects cross-owner upload and move grants before every R2 call","status":"passed","title":"rejects cross-owner upload and move grants before every R2 call","duration":10,"failureMessages":[],"meta":{},"tags":[]},{"ancestorTitles":["Packet 2I integrated authentication and authority closure"],"fullName":"Packet 2I integrated authentication and authority closure rejects raw key upload authority before every R2 call","status":"passed","title":"rejects raw key upload authority before every R2 call","duration":1,"failureMessages":[],"meta":{},"tags":[]},{"ancestorTitles":["Packet 2I integrated authentication and authority closure"],"fullName":"Packet 2I integrated authentication and authority closure rejects raw move authority and mismatched assertions before every R2 call","status":"passed","title":"rejects raw move authority and mismatched assertions before every R2 call","duration":8,"failureMessages":[],"meta":{},"tags":[]},{"ancestorTitles":["Packet 2I integrated authentication and authority closure"],"fullName":"Packet 2I integrated authentication and authority closure rejects validly signed noncanonical upload grant before R2","status":"passed","title":"rejects validly signed noncanonical upload grant before R2","duration":4,"failureMessages":[],"meta":{},"tags":[]},{"ancestorTitles":["Packet 2I integrated authentication and authority closure"],"fullName":"Packet 2I integrated authentication and authority closure rejects validly signed forbidden prefix upload grant before R2","status":"passed","title":"rejects validly signed forbidden prefix upload grant before R2","duration":4,"failureMessages":[],"meta":{},"tags":[]},{"ancestorTitles":["Packet 2I integrated authentication and authority closure"],"fullName":"Packet 2I integrated authentication and authority closure rejects validly signed cross-owner upload grant before R2","status":"passed","title":"rejects validly signed cross-owner upload grant before R2","duration":1,"failureMessages":[],"meta":{},"tags":[]},{"ancestorTitles":["Packet 2I integrated authentication and authority closure"],"fullName":"Packet 2I integrated authentication and authority closure rejects validly signed direct durable upload grant before R2","status":"passed","title":"rejects validly signed direct durable upload grant before R2","duration":2,"failureMessages":[],"meta":{},"tags":[]},{"ancestorTitles":["Packet 2I integrated authentication and authority closure"],"fullName":"Packet 2I integrated authentication and authority closure rejects validly signed cross-owner move grant before R2","status":"passed","title":"rejects validly signed cross-owner move grant before R2","duration":4,"failureMessages":[],"meta":{},"tags":[]},{"ancestorTitles":["Packet 2I integrated authentication and authority closure"],"fullName":"Packet 2I integrated authentication and authority closure rejects validly signed cross-prefix move grant before R2","status":"passed","title":"rejects validly signed cross-prefix move grant before R2","duration":8,"failureMessages":[],"meta":{},"tags":[]},{"ancestorTitles":["Packet 2I integrated authentication and authority closure"],"fullName":"Packet 2I integrated authentication and authority closure rejects validly signed forbidden prefix move grant before R2","status":"passed","title":"rejects validly signed forbidden prefix move grant before R2","duration":4,"failureMessages":[],"meta":{},"tags":[]},{"ancestorTitles":["Packet 2I integrated authentication and authority closure"],"fullName":"Packet 2I integrated authentication and authority closure uses only grant-derived canonical path for successful upload","status":"passed","title":"uses only grant-derived canonical path for successful upload","duration":24,"failureMessages":[],"meta":{},"tags":[]},{"ancestorTitles":["Packet 2I integrated authentication and authority closure"],"fullName":"Packet 2I integrated authentication and authority closure uses only grant-derived canonical paths for successful move","status":"passed","title":"uses only grant-derived canonical paths for successful move","duration":8,"failureMessages":[],"meta":{},"tags":[]},{"ancestorTitles":["Packet 2I integrated authentication and authority closure"],"fullName":"Packet 2I integrated authentication and authority closure preserves traversal and existing-destination overwrite denial before mutation","status":"passed","title":"preserves traversal and existing-destination overwrite denial before mutation","duration":5,"failureMessages":[],"meta":{},"tags":[]},{"ancestorTitles":["Packet 2I integrated authentication and authority closure"],"fullName":"Packet 2I integrated authentication and authority closure preserves exact-origin and no-Origin compatibility","status":"passed","title":"preserves exact-origin and no-Origin compatibility","duration":11,"failureMessages":[],"meta":{},"tags":[]},{"ancestorTitles":["Packet 2I integrated authentication and authority closure"],"fullName":"Packet 2I integrated authentication and authority closure preserves expiry and replay denial before R2 access","status":"passed","title":"preserves expiry and replay denial before R2 access","duration":18,"failureMessages":[],"meta":{},"tags":[]},{"ancestorTitles":["Packet 2I integrated authentication and authority closure"],"fullName":"Packet 2I integrated authentication and authority closure preserves rate-limit and 50 MB denial before R2 access","status":"passed","title":"preserves rate-limit and 50 MB denial before R2 access","duration":9,"failureMessages":[],"meta":{},"tags":[]}],"startTime":1782818575195,"endTime":1782818575385,"status":"passed","message":"","name":"C:/Users/The Lord/Desktop/luyentap-writing-import-rebased/cloudflare/__tests__/integrated-authority.test.js"},{"assertionResults":[{"ancestorTitles":["upload-worker path authority"],"fullName":"upload-worker path authority maps listening_audio_temp to its canonical prefix","status":"passed","title":"maps listening_audio_temp to its canonical prefix","duration":6,"failureMessages":[],"meta":{},"tags":[]},{"ancestorTitles":["upload-worker path authority"],"fullName":"upload-worker path authority maps test_audio_temp to its canonical prefix","status":"passed","title":"maps test_audio_temp to its canonical prefix","duration":1,"failureMessages":[],"meta":{},"tags":[]},{"ancestorTitles":["upload-worker path authority"],"fullName":"upload-worker path authority maps test_image_temp to its canonical prefix","status":"passed","title":"maps test_image_temp to its canonical prefix","duration":1,"failureMessages":[],"meta":{},"tags":[]},{"ancestorTitles":["upload-worker path authority"],"fullName":"upload-worker path authority maps avatar_permanent to its canonical prefix","status":"passed","title":"maps avatar_permanent to its canonical prefix","duration":0,"failureMessages":[],"meta":{},"tags":[]},{"ancestorTitles":["upload-worker path authority"],"fullName":"upload-worker path authority maps announcement_attachment_permanent to its canonical prefix","status":"passed","title":"maps announcement_attachment_permanent to its canonical prefix","duration":1,"failureMessages":[],"meta":{},"tags":[]},{"ancestorTitles":["upload-worker path authority"],"fullName":"upload-worker path authority maps book_cover_permanent to its canonical prefix","status":"passed","title":"maps book_cover_permanent to its canonical prefix","duration":3,"failureMessages":[],"meta":{},"tags":[]},{"ancestorTitles":["upload-worker path authority"],"fullName":"upload-worker path authority rejects unknown operation kinds","status":"passed","title":"rejects unknown operation kinds","duration":2,"failureMessages":[],"meta":{},"tags":[]},{"ancestorTitles":["upload-worker path authority"],"fullName":"upload-worker path authority rejects unsafe fileName \"\"","status":"passed","title":"rejects unsafe fileName \"\"","duration":1,"failureMessages":[],"meta":{},"tags":[]},{"ancestorTitles":["upload-worker path authority"],"fullName":"upload-worker path authority rejects unsafe fileName \"../private.mp3\"","status":"passed","title":"rejects unsafe fileName \"../private.mp3\"","duration":0,"failureMessages":[],"meta":{},"tags":[]},{"ancestorTitles":["upload-worker path authority"],"fullName":"upload-worker path authority rejects unsafe fileName \"%2e%2e%2fprivate.mp3\"","status":"passed","title":"rejects unsafe fileName \"%2e%2e%2fprivate.mp3\"","duration":1,"failureMessages":[],"meta":{},"tags":[]},{"ancestorTitles":["upload-worker path authority"],"fullName":"upload-worker path authority rejects unsafe fileName \"%252e%252e%252fprivate.mp3\"","status":"passed","title":"rejects unsafe fileName \"%252e%252e%252fprivate.mp3\"","duration":3,"failureMessages":[],"meta":{},"tags":[]},{"ancestorTitles":["upload-worker path authority"],"fullName":"upload-worker path authority rejects unsafe fileName \"folder/file.mp3\"","status":"passed","title":"rejects unsafe fileName \"folder/file.mp3\"","duration":2,"failureMessages":[],"meta":{},"tags":[]},{"ancestorTitles":["upload-worker path authority"],"fullName":"upload-worker path authority rejects unsafe fileName \"folder\\\\file.mp3\"","status":"passed","title":"rejects unsafe fileName \"folder\\\\file.mp3\"","duration":1,"failureMessages":[],"meta":{},"tags":[]},{"ancestorTitles":["upload-worker path authority"],"fullName":"upload-worker path authority rejects unsafe fileName \"folder//file.mp3\"","status":"passed","title":"rejects unsafe fileName \"folder//file.mp3\"","duration":0,"failureMessages":[],"meta":{},"tags":[]},{"ancestorTitles":["upload-worker path authority"],"fullName":"upload-worker path authority rejects unsafe fileName \"https://example.test/file.mp3\"","status":"passed","title":"rejects unsafe fileName \"https://example.test/file.mp3\"","duration":1,"failureMessages":[],"meta":{},"tags":[]},{"ancestorTitles":["upload-worker path authority"],"fullName":"upload-worker path authority rejects unsafe fileName \"C:\\\\file.mp3\"","status":"passed","title":"rejects unsafe fileName \"C:\\\\file.mp3\"","duration":2,"failureMessages":[],"meta":{},"tags":[]},{"ancestorTitles":["upload-worker path authority"],"fullName":"upload-worker path authority rejects unsafe fileName \"bad\\u0000name.mp3\"","status":"passed","title":"rejects unsafe fileName \"bad\\u0000name.mp3\"","duration":1,"failureMessages":[],"meta":{},"tags":[]},{"ancestorTitles":["upload-worker path authority"],"fullName":"upload-worker path authority rejects forbidden or unlisted legacy prefix assessment-assets/owner-a/file.mp3","status":"passed","title":"rejects forbidden or unlisted legacy prefix assessment-assets/owner-a/file.mp3","duration":1,"failureMessages":[],"meta":{},"tags":[]},{"ancestorTitles":["upload-worker path authority"],"fullName":"upload-worker path authority rejects forbidden or unlisted legacy prefix reading_v2/owner-a/file.mp3","status":"passed","title":"rejects forbidden or unlisted legacy prefix reading_v2/owner-a/file.mp3","duration":0,"failureMessages":[],"meta":{},"tags":[]},{"ancestorTitles":["upload-worker path authority"],"fullName":"upload-worker path authority rejects forbidden or unlisted legacy prefix backups/owner-a/file.mp3","status":"passed","title":"rejects forbidden or unlisted legacy prefix backups/owner-a/file.mp3","duration":1,"failureMessages":[],"meta":{},"tags":[]},{"ancestorTitles":["upload-worker path authority"],"fullName":"upload-worker path authority rejects forbidden or unlisted legacy prefix private/owner-a/file.mp3","status":"passed","title":"rejects forbidden or unlisted legacy prefix private/owner-a/file.mp3","duration":2,"failureMessages":[],"meta":{},"tags":[]},{"ancestorTitles":["upload-worker path authority"],"fullName":"upload-worker path authority rejects forbidden or unlisted legacy prefix media_assets/owner-a/file.mp3","status":"passed","title":"rejects forbidden or unlisted legacy prefix media_assets/owner-a/file.mp3","duration":0,"failureMessages":[],"meta":{},"tags":[]},{"ancestorTitles":["upload-worker path authority"],"fullName":"upload-worker path authority rejects forbidden or unlisted legacy prefix unlisted/owner-a/file.mp3","status":"passed","title":"rejects forbidden or unlisted legacy prefix unlisted/owner-a/file.mp3","duration":0,"failureMessages":[],"meta":{},"tags":[]},{"ancestorTitles":["upload-worker path authority"],"fullName":"upload-worker path authority accepts an allowed legacy hint but derives only operation kind and basename","status":"passed","title":"accepts an allowed legacy hint but derives only operation kind and basename","duration":1,"failureMessages":[],"meta":{},"tags":[]},{"ancestorTitles":["upload-worker path authority"],"fullName":"upload-worker path authority accepts a legacy temp hint without owner and injects no browser identity","status":"passed","title":"accepts a legacy temp hint without owner and injects no browser identity","duration":1,"failureMessages":[],"meta":{},"tags":[]},{"ancestorTitles":["upload-worker path authority"],"fullName":"upload-worker path authority rejects cross-owner canonical upload keys","status":"passed","title":"rejects cross-owner canonical upload keys","duration":2,"failureMessages":[],"meta":{},"tags":[]},{"ancestorTitles":["upload-worker path authority"],"fullName":"upload-worker path authority rejects noncanonical movement","status":"passed","title":"rejects noncanonical movement","duration":1,"failureMessages":[],"meta":{},"tags":[]},{"ancestorTitles":["upload-worker path authority"],"fullName":"upload-worker path authority rejects noncanonical movement","status":"passed","title":"rejects noncanonical movement","duration":1,"failureMessages":[],"meta":{},"tags":[]},{"ancestorTitles":["upload-worker path authority"],"fullName":"upload-worker path authority rejects noncanonical movement","status":"passed","title":"rejects noncanonical movement","duration":1,"failureMessages":[],"meta":{},"tags":[]},{"ancestorTitles":["upload-worker path authority"],"fullName":"upload-worker path authority rejects noncanonical movement","status":"passed","title":"rejects noncanonical movement","duration":1,"failureMessages":[],"meta":{},"tags":[]},{"ancestorTitles":["upload-worker path authority"],"fullName":"upload-worker path authority derives exact same-family temp-to-durable movement","status":"passed","title":"derives exact same-family temp-to-durable movement","duration":3,"failureMessages":[],"meta":{},"tags":[]},{"ancestorTitles":["upload-worker path authority"],"fullName":"upload-worker path authority generates nonce bytes through Web Crypto","status":"passed","title":"generates nonce bytes through Web Crypto","duration":1,"failureMessages":[],"meta":{},"tags":[]}],"startTime":1782818572596,"endTime":1782818572641,"status":"passed","message":"","name":"C:/Users/The Lord/Desktop/luyentap-writing-import-rebased/cloudflare/__tests__/path-authority.test.js"},{"assertionResults":[{"ancestorTitles":["Packet 2K replay ledger prerequisite"],"fullName":"Packet 2K replay ledger prerequisite exports UploadGrantReplayLedger from worker entry module","status":"passed","title":"exports UploadGrantReplayLedger from worker entry module","duration":3,"failureMessages":[],"meta":{},"tags":[]},{"ancestorTitles":["Packet 2K replay ledger prerequisite"],"fullName":"Packet 2K replay ledger prerequisite accepts first consume, rejects sequential replay, and persists durable state","status":"passed","title":"accepts first consume, rejects sequential replay, and persists durable state","duration":69,"failureMessages":[],"meta":{},"tags":[]},{"ancestorTitles":["Packet 2K replay ledger prerequisite"],"fullName":"Packet 2K replay ledger prerequisite allows exactly one concurrent consume winner for same key","status":"passed","title":"allows exactly one concurrent consume winner for same key","duration":19,"failureMessages":[],"meta":{},"tags":[]},{"ancestorTitles":["Packet 2K replay ledger prerequisite"],"fullName":"Packet 2K replay ledger prerequisite keeps different keys independent","status":"passed","title":"keeps different keys independent","duration":53,"failureMessages":[],"meta":{},"tags":[]},{"ancestorTitles":["Packet 2K replay ledger prerequisite"],"fullName":"Packet 2K replay ledger prerequisite rejects malformed and expired consume inputs fail closed","status":"passed","title":"rejects malformed and expired consume inputs fail closed","duration":3,"failureMessages":[],"meta":{},"tags":[]},{"ancestorTitles":["Packet 2K replay ledger prerequisite"],"fullName":"Packet 2K replay ledger prerequisite schedules cleanup alarm at max(expiresAt + 5m, consumeTime + 15m) and clears storage plus alarm","status":"passed","title":"schedules cleanup alarm at max(expiresAt + 5m, consumeTime + 15m) and clears storage plus alarm","duration":57,"failureMessages":[],"meta":{},"tags":[]},{"ancestorTitles":["Packet 2K replay ledger prerequisite"],"fullName":"Packet 2K replay ledger prerequisite fails closed when namespace, stub method, or RPC path is unavailable","status":"passed","title":"fails closed when namespace, stub method, or RPC path is unavailable","duration":2,"failureMessages":[],"meta":{},"tags":[]},{"ancestorTitles":["Packet 2K replay ledger prerequisite"],"fullName":"Packet 2K replay ledger prerequisite consumes upload grants before all R2 access","status":"passed","title":"consumes upload grants before all R2 access","duration":11,"failureMessages":[],"meta":{},"tags":[]},{"ancestorTitles":["Packet 2K replay ledger prerequisite"],"fullName":"Packet 2K replay ledger prerequisite consumes move grants before all R2 access","status":"passed","title":"consumes move grants before all R2 access","duration":4,"failureMessages":[],"meta":{},"tags":[]}],"startTime":1782818575198,"endTime":1782818575420,"status":"passed","message":"","name":"C:/Users/The Lord/Desktop/luyentap-writing-import-rebased/cloudflare/__tests__/replay-ledger.test.js"},{"assertionResults":[{"ancestorTitles":["r2-upload-signer native R2 harness"],"fullName":"r2-upload-signer native R2 harness injects the test-only upload grant secret","status":"passed","title":"injects the test-only upload grant secret","duration":4,"failureMessages":[],"meta":{},"tags":[]},{"ancestorTitles":["r2-upload-signer native R2 harness"],"fullName":"r2-upload-signer native R2 harness provides a usable local rate-limit binding","status":"passed","title":"provides a usable local rate-limit binding","duration":3,"failureMessages":[],"meta":{},"tags":[]},{"ancestorTitles":["r2-upload-signer native R2 harness"],"fullName":"r2-upload-signer native R2 harness missing auth denied before upload or move R2 access","status":"passed","title":"missing auth denied before upload or move R2 access","duration":86,"failureMessages":[],"meta":{},"tags":[]},{"ancestorTitles":["r2-upload-signer native R2 harness"],"fullName":"r2-upload-signer native R2 harness never returns wildcard CORS on representative responses","status":"passed","title":"never returns wildcard CORS on representative responses","duration":6,"failureMessages":[],"meta":{},"tags":[]},{"ancestorTitles":["r2-upload-signer native R2 harness"],"fullName":"r2-upload-signer native R2 harness echoes approved origin https://kahut1.web.app exactly","status":"passed","title":"echoes approved origin https://kahut1.web.app exactly","duration":1,"failureMessages":[],"meta":{},"tags":[]},{"ancestorTitles":["r2-upload-signer native R2 harness"],"fullName":"r2-upload-signer native R2 harness echoes approved origin http://localhost:5173 exactly","status":"passed","title":"echoes approved origin http://localhost:5173 exactly","duration":1,"failureMessages":[],"meta":{},"tags":[]},{"ancestorTitles":["r2-upload-signer native R2 harness"],"fullName":"r2-upload-signer native R2 harness echoes approved origin http://localhost:5174 exactly","status":"passed","title":"echoes approved origin http://localhost:5174 exactly","duration":2,"failureMessages":[],"meta":{},"tags":[]},{"ancestorTitles":["r2-upload-signer native R2 harness"],"fullName":"r2-upload-signer native R2 harness denies unapproved origin preflight","status":"passed","title":"denies unapproved origin preflight","duration":1,"failureMessages":[],"meta":{},"tags":[]},{"ancestorTitles":["r2-upload-signer native R2 harness"],"fullName":"r2-upload-signer native R2 harness denies unsupported preflight methods fail closed","status":"passed","title":"denies unsupported preflight methods fail closed","duration":5,"failureMessages":[],"meta":{},"tags":[]},{"ancestorTitles":["r2-upload-signer native R2 harness"],"fullName":"r2-upload-signer native R2 harness denies unapproved actual POST before auth and R2 access","status":"passed","title":"denies unapproved actual POST before auth and R2 access","duration":3,"failureMessages":[],"meta":{},"tags":[]},{"ancestorTitles":["r2-upload-signer native R2 harness"],"fullName":"r2-upload-signer native R2 harness denies unapproved actual PUT before auth and R2 access","status":"passed","title":"denies unapproved actual PUT before auth and R2 access","duration":4,"failureMessages":[],"meta":{},"tags":[]},{"ancestorTitles":["r2-upload-signer native R2 harness"],"fullName":"r2-upload-signer native R2 harness preserves no-Origin non-browser compatibility without wildcard CORS","status":"passed","title":"preserves no-Origin non-browser compatibility without wildcard CORS","duration":16,"failureMessages":[],"meta":{},"tags":[]},{"ancestorTitles":["r2-upload-signer native R2 harness"],"fullName":"r2-upload-signer native R2 harness invalid auth denied","status":"passed","title":"invalid auth denied","duration":3,"failureMessages":[],"meta":{},"tags":[]},{"ancestorTitles":["r2-upload-signer native R2 harness"],"fullName":"r2-upload-signer native R2 harness expired Firebase token denied","status":"passed","title":"expired Firebase token denied","duration":7,"failureMessages":[],"meta":{},"tags":[]},{"ancestorTitles":["r2-upload-signer native R2 harness"],"fullName":"r2-upload-signer native R2 harness wrong Firebase audience denied","status":"passed","title":"wrong Firebase audience denied","duration":2,"failureMessages":[],"meta":{},"tags":[]},{"ancestorTitles":["r2-upload-signer native R2 harness"],"fullName":"r2-upload-signer native R2 harness uploads through the Worker entrypoint using authenticated same-owner scope","status":"passed","title":"uploads through the Worker entrypoint using authenticated same-owner scope","duration":19,"failureMessages":[],"meta":{},"tags":[]},{"ancestorTitles":["r2-upload-signer native R2 harness"],"fullName":"r2-upload-signer native R2 harness canonicalizes a legacy temp hint with verified uid and generated nonce","status":"passed","title":"canonicalizes a legacy temp hint with verified uid and generated nonce","duration":2,"failureMessages":[],"meta":{},"tags":[]},{"ancestorTitles":["r2-upload-signer native R2 harness"],"fullName":"r2-upload-signer native R2 harness rejects cross-owner upload and move requests without mutating R2","status":"passed","title":"rejects cross-owner upload and move requests without mutating R2","duration":14,"failureMessages":[],"meta":{},"tags":[]},{"ancestorTitles":["r2-upload-signer native R2 harness"],"fullName":"r2-upload-signer native R2 harness moves an uploaded object through authenticated same-owner scope","status":"passed","title":"moves an uploaded object through authenticated same-owner scope","duration":35,"failureMessages":[],"meta":{},"tags":[]},{"ancestorTitles":["r2-upload-signer native R2 harness"],"fullName":"r2-upload-signer native R2 harness rejects invalid path requests before any R2 access","status":"passed","title":"rejects invalid path requests before any R2 access","duration":3,"failureMessages":[],"meta":{},"tags":[]},{"ancestorTitles":["r2-upload-signer native R2 harness"],"fullName":"r2-upload-signer native R2 harness rejects cross-prefix and noncanonical movement before R2 access","status":"passed","title":"rejects cross-prefix and noncanonical movement before R2 access","duration":2,"failureMessages":[],"meta":{},"tags":[]},{"ancestorTitles":["r2-upload-signer native R2 harness"],"fullName":"r2-upload-signer native R2 harness rejects existing move destination without overwriting or deleting source","status":"passed","title":"rejects existing move destination without overwriting or deleting source","duration":29,"failureMessages":[],"meta":{},"tags":[]},{"ancestorTitles":["r2-upload-signer native R2 harness"],"fullName":"r2-upload-signer native R2 harness exposes an injectable Firebase verification seam for later auth tests","status":"passed","title":"exposes an injectable Firebase verification seam for later auth tests","duration":1,"failureMessages":[],"meta":{},"tags":[]}],"startTime":1782818575206,"endTime":1782818575460,"status":"passed","message":"","name":"C:/Users/The Lord/Desktop/luyentap-writing-import-rebased/cloudflare/__tests__/upload-worker-harness.test.js"}]}