{"numTotalTestSuites":26,"numPassedTestSuites":26,"numFailedTestSuites":0,"numPendingTestSuites":0,"numTotalTests":86,"numPassedTests":86,"numFailedTests":0,"numPendingTests":0,"numTodoTests":0,"snapshot":{"added":0,"failure":false,"filesAdded":0,"filesRemoved":0,"filesRemovedList":[],"filesUnmatched":0,"filesUpdated":0,"matched":0,"total":0,"unchecked":0,"uncheckedKeysByFile":[],"unmatched":0,"updated":0,"didUpdate":false},"startTime":1782902074702,"success":true,"testResults":[{"assertionResults":[{"ancestorTitles":["readingV2FeatureFlags"],"fullName":"readingV2FeatureFlags defaults rollout not-public while product decisions remain unresolved","status":"passed","title":"defaults rollout not-public while product decisions remain unresolved","duration":2.4222000000008848,"failureMessages":[],"meta":{}},{"ancestorTitles":["readingV2FeatureFlags"],"fullName":"readingV2FeatureFlags normalizes rollout config with strict closed fallback","status":"passed","title":"normalizes rollout config with strict closed fallback","duration":0.9609999999993306,"failureMessages":[],"meta":{}},{"ancestorTitles":["readingV2FeatureFlags"],"fullName":"readingV2FeatureFlags defaults all PRD-0052 material catalog flags to disabled when env flags are absent","status":"passed","title":"defaults all PRD-0052 material catalog flags to disabled when env flags are absent","duration":3.1163000000015018,"failureMessages":[],"meta":{}},{"ancestorTitles":["readingV2FeatureFlags"],"fullName":"readingV2FeatureFlags resolves Teacher Materials capabilities from explicit PRD-0052 flag modes","status":"passed","title":"resolves Teacher Materials capabilities from explicit PRD-0052 flag modes","duration":0.4576000000015483,"failureMessages":[],"meta":{}},{"ancestorTitles":["readingV2FeatureFlags"],"fullName":"readingV2FeatureFlags normalizes PRD-0052 material catalog feature flags strictly","status":"passed","title":"normalizes PRD-0052 material catalog feature flags strictly","duration":0.27289999999993597,"failureMessages":[],"meta":{}},{"ancestorTitles":["readingV2FeatureFlags"],"fullName":"readingV2FeatureFlags reads enabled PRD-0052 feature flags from explicit VITE env values","status":"passed","title":"reads enabled PRD-0052 feature flags from explicit VITE env values","duration":2.149599999998827,"failureMessages":[],"meta":{}},{"ancestorTitles":["readingV2FeatureFlags"],"fullName":"readingV2FeatureFlags falls back to disabled for invalid PRD-0052 env values","status":"passed","title":"falls back to disabled for invalid PRD-0052 env values","duration":1.605600000000777,"failureMessages":[],"meta":{}},{"ancestorTitles":["readingV2FeatureFlags"],"fullName":"readingV2FeatureFlags keeps standalone passage assets hidden from broad Teacher Lobby exposure by default","status":"passed","title":"keeps standalone passage assets hidden from broad Teacher Lobby exposure by default","duration":0.14019999999982247,"failureMessages":[],"meta":{}},{"ancestorTitles":["readingV2FeatureFlags"],"fullName":"readingV2FeatureFlags normalizes passage asset lobby visibility with hidden fallback","status":"passed","title":"normalizes passage asset lobby visibility with hidden fallback","duration":0.6070999999992637,"failureMessages":[],"meta":{}},{"ancestorTitles":["readingV2FeatureFlags"],"fullName":"readingV2FeatureFlags uses a safe placeholder product label until the final name is approved","status":"passed","title":"uses a safe placeholder product label until the final name is approved","duration":0.15300000000024738,"failureMessages":[],"meta":{}},{"ancestorTitles":["readingV2FeatureFlags"],"fullName":"readingV2FeatureFlags detects explicit Reading V2 payload markers without guessing from legacy fields","status":"passed","title":"detects explicit Reading V2 payload markers without guessing from legacy fields","duration":0.36310000000048603,"failureMessages":[],"meta":{}},{"ancestorTitles":["readingV2FeatureFlags"],"fullName":"readingV2FeatureFlags establishes the required service and component boundaries with existing-shell review ownership","status":"passed","title":"establishes the required service and component boundaries with existing-shell review ownership","duration":0.7198000000007596,"failureMessages":[],"meta":{}},{"ancestorTitles":["readingV2FeatureFlags"],"fullName":"readingV2FeatureFlags keeps the Reading V2 engine marker stable","status":"passed","title":"keeps the Reading V2 engine marker stable","duration":0.15630000000055588,"failureMessages":[],"meta":{}}],"startTime":1782902092455,"endTime":1782902092469.1562,"status":"passed","message":"","name":"C:/Users/The Lord/Desktop/luyentap-writing-import-rebased/src/config/readingV2FeatureFlags.test.ts"},{"assertionResults":[{"ancestorTitles":["teacherRoutes"],"fullName":"teacherRoutes keeps the Material Book editor route behind PRD-0052 capabilities","status":"passed","title":"keeps the Material Book editor route behind PRD-0052 capabilities","duration":4.717400000001362,"failureMessages":[],"meta":{}},{"ancestorTitles":["teacherRoutes"],"fullName":"teacherRoutes redirects enabled Material Book editor navigation to Teacher Materials with modal-open route state","status":"passed","title":"redirects enabled Material Book editor navigation to Teacher Materials with modal-open route state","duration":2.6198999999996886,"failureMessages":[],"meta":{}},{"ancestorTitles":["teacherRoutes"],"fullName":"teacherRoutes redirects disabled Material Book editor navigation to Teacher Materials with a visible notice state","status":"passed","title":"redirects disabled Material Book editor navigation to Teacher Materials with a visible notice state","duration":2.06420000000071,"failureMessages":[],"meta":{}}],"startTime":1782902094207,"endTime":1782902094217.0642,"status":"passed","message":"","name":"C:/Users/The Lord/Desktop/luyentap-writing-import-rebased/src/routes/teacherRoutes.test.tsx"},{"assertionResults":[{"ancestorTitles":["ReadingV2StudioPage"],"fullName":"ReadingV2StudioPage resolves create route into the shared Studio shell","status":"passed","title":"resolves create route into the shared Studio shell","duration":2233.1659,"failureMessages":[],"meta":{}},{"ancestorTitles":["ReadingV2StudioPage"],"fullName":"ReadingV2StudioPage uses modal route-state metadata when opening a new Reading V2 Studio draft","status":"passed","title":"uses modal route-state metadata when opening a new Reading V2 Studio draft","duration":494.89589999999953,"failureMessages":[],"meta":{}},{"ancestorTitles":["ReadingV2StudioPage"],"fullName":"ReadingV2StudioPage hydrates modal-prepared import candidates before the teacher reviews in Studio","status":"passed","title":"hydrates modal-prepared import candidates before the teacher reviews in Studio","duration":856.8505999999998,"failureMessages":[],"meta":{}},{"ancestorTitles":["ReadingV2StudioPage"],"fullName":"ReadingV2StudioPage uses Auto route state to label Auto V4 Studio imports","status":"passed","title":"uses Auto route state to label Auto V4 Studio imports","duration":415.72490000000107,"failureMessages":[],"meta":{}},{"ancestorTitles":["ReadingV2StudioPage"],"fullName":"ReadingV2StudioPage returns teachers to the lobby after a successful publish","status":"passed","title":"returns teachers to the lobby after a successful publish","duration":1550.8145999999997,"failureMessages":[],"meta":{}},{"ancestorTitles":["ReadingV2StudioPage"],"fullName":"ReadingV2StudioPage announces the created master test and generated Reading Passages after full-test publish","status":"passed","title":"announces the created master test and generated Reading Passages after full-test publish","duration":1621.2538999999997,"failureMessages":[],"meta":{}},{"ancestorTitles":["ReadingV2StudioPage"],"fullName":"ReadingV2StudioPage does not report publish failure when post-publish reference discovery is denied","status":"passed","title":"does not report publish failure when post-publish reference discovery is denied","duration":2094.9401,"failureMessages":[],"meta":{}},{"ancestorTitles":["ReadingV2StudioPage"],"fullName":"ReadingV2StudioPage opens Studio for localized duplicate structured-layout questions when the draft is canonical-safe","status":"passed","title":"opens Studio for localized duplicate structured-layout questions when the draft is canonical-safe","duration":166.79439999999886,"failureMessages":[],"meta":{}},{"ancestorTitles":["ReadingV2StudioPage"],"fullName":"ReadingV2StudioPage resolves import, draft, and revision routes without separate Studio products","status":"passed","title":"resolves import, draft, and revision routes without separate Studio products","duration":435.3258999999998,"failureMessages":[],"meta":{}},{"ancestorTitles":["ReadingV2StudioPage"],"fullName":"ReadingV2StudioPage keeps Studio route URLs default-closed when rollout is explicitly off","status":"passed","title":"keeps Studio route URLs default-closed when rollout is explicitly off","duration":3.0432999999975436,"failureMessages":[],"meta":{}},{"ancestorTitles":["ReadingV2StudioPage"],"fullName":"ReadingV2StudioPage mounts all four teacher route entries only when rollout allows teacher exposure","status":"passed","title":"mounts all four teacher route entries only when rollout allows teacher exposure","duration":1.869699999999284,"failureMessages":[],"meta":{}}],"startTime":1782902085141,"endTime":1782902095016.8696,"status":"passed","message":"","name":"C:/Users/The Lord/Desktop/luyentap-writing-import-rebased/src/pages/ReadingV2StudioPage.test.tsx"},{"assertionResults":[{"ancestorTitles":["ReadingV2StudioSmokePage"],"fullName":"ReadingV2StudioSmokePage reproduces the pasted Cam 16 diagnostic warning panel as compact question rows","status":"passed","title":"reproduces the pasted Cam 16 diagnostic warning panel as compact question rows","duration":4836.403400000001,"failureMessages":[],"meta":{}}],"startTime":1782902083771,"endTime":1782902088607.4033,"status":"passed","message":"","name":"C:/Users/The Lord/Desktop/luyentap-writing-import-rebased/src/pages/ReadingV2StudioSmokePage.test.tsx"},{"assertionResults":[{"ancestorTitles":["ReadingV2MetadataPanel"],"fullName":"ReadingV2MetadataPanel captures required metadata without editing question meaning","status":"passed","title":"captures required metadata without editing question meaning","duration":56.582400000000234,"failureMessages":[],"meta":{}},{"ancestorTitles":["ReadingV2MetadataPanel"],"fullName":"ReadingV2MetadataPanel shows publish readiness when title is missing","status":"passed","title":"shows publish readiness when title is missing","duration":10.79359999999997,"failureMessages":[],"meta":{}},{"ancestorTitles":["ReadingV2MetadataPanel"],"fullName":"ReadingV2MetadataPanel emits publish-compatible material kind and visibility values","status":"passed","title":"emits publish-compatible material kind and visibility values","duration":16.790600000000268,"failureMessages":[],"meta":{}}],"startTime":1782902079390,"endTime":1782902079474.7905,"status":"passed","message":"","name":"C:/Users/The Lord/Desktop/luyentap-writing-import-rebased/src/components/reading-v2/studio/ReadingV2MetadataPanel.test.tsx"},{"assertionResults":[{"ancestorTitles":["ReadingV2PreviewOverlay"],"fullName":"ReadingV2PreviewOverlay renders the real runtime shell with local-only teacher preview state","status":"passed","title":"renders the real runtime shell with local-only teacher preview state","duration":1729.8738000000003,"failureMessages":[],"meta":{}}],"startTime":1782902081893,"endTime":1782902083622.8738,"status":"passed","message":"","name":"C:/Users/The Lord/Desktop/luyentap-writing-import-rebased/src/components/reading-v2/studio/ReadingV2PreviewOverlay.test.tsx"},{"assertionResults":[{"ancestorTitles":["ReadingV2SettingsPanel"],"fullName":"ReadingV2SettingsPanel uses the neutral authoring header for Settings copy and readiness status","status":"passed","title":"uses the neutral authoring header for Settings copy and readiness status","duration":347.9294000000009,"failureMessages":[],"meta":{}},{"ancestorTitles":["ReadingV2SettingsPanel"],"fullName":"ReadingV2SettingsPanel limits Settings to material-level ownership boundaries","status":"passed","title":"limits Settings to material-level ownership boundaries","duration":19.02890000000116,"failureMessages":[],"meta":{}},{"ancestorTitles":["ReadingV2SettingsPanel"],"fullName":"ReadingV2SettingsPanel shows publish readiness from validation state","status":"passed","title":"shows publish readiness from validation state","duration":40.121900000000096,"failureMessages":[],"meta":{}},{"ancestorTitles":["ReadingV2SettingsPanel"],"fullName":"ReadingV2SettingsPanel uses the neutral authoring section for runtime advisory guidance","status":"passed","title":"uses the neutral authoring section for runtime advisory guidance","duration":126.15679999999884,"failureMessages":[],"meta":{}}],"startTime":1782902089092,"endTime":1782902089625.1567,"status":"passed","message":"","name":"C:/Users/The Lord/Desktop/luyentap-writing-import-rebased/src/components/reading-v2/studio/ReadingV2SettingsPanel.test.tsx"},{"assertionResults":[{"ancestorTitles":["ReadingV2StudioModalAdapter"],"fullName":"ReadingV2StudioModalAdapter hydrates and hosts the same Studio shell for Teacher Lobby modal entry","status":"passed","title":"hydrates and hosts the same Studio shell for Teacher Lobby modal entry","duration":1203.1127000000015,"failureMessages":[],"meta":{}},{"ancestorTitles":["ReadingV2StudioModalAdapter"],"fullName":"ReadingV2StudioModalAdapter does not expose legacy TestEditor as modal content","status":"passed","title":"does not expose legacy TestEditor as modal content","duration":1635.8415000000005,"failureMessages":[],"meta":{}},{"ancestorTitles":["ReadingV2StudioModalAdapter"],"fullName":"ReadingV2StudioModalAdapter opens update references after publishing a revised single passage and applies selected targets only","status":"passed","title":"opens update references after publishing a revised single passage and applies selected targets only","duration":3851.706899999999,"failureMessages":[],"meta":{}},{"ancestorTitles":["ReadingV2StudioModalAdapter"],"fullName":"ReadingV2StudioModalAdapter keeps publish successful when update-reference discovery fails after commit","status":"passed","title":"keeps publish successful when update-reference discovery fails after commit","duration":1565.7475999999988,"failureMessages":[],"meta":{}},{"ancestorTitles":["ReadingV2StudioModalAdapter"],"fullName":"ReadingV2StudioModalAdapter surfaces duplicate warnings from publish result without blocking the completed publish","status":"passed","title":"surfaces duplicate warnings from publish result without blocking the completed publish","duration":3128.5907000000007,"failureMessages":[],"meta":{}}],"startTime":1782902083666,"endTime":1782902095050.5908,"status":"passed","message":"","name":"C:/Users/The Lord/Desktop/luyentap-writing-import-rebased/src/components/reading-v2/studio/ReadingV2StudioModalAdapter.test.tsx"},{"assertionResults":[{"ancestorTitles":["ReadingV2StudioShell Build Workspace"],"fullName":"ReadingV2StudioShell Build Workspace renders the Build Test action bar and keeps developer details collapsed by default","status":"passed","title":"renders the Build Test action bar and keeps developer details collapsed by default","duration":3265.443000000001,"failureMessages":[],"meta":{}},{"ancestorTitles":["ReadingV2StudioShell Build Workspace"],"fullName":"ReadingV2StudioShell Build Workspace copies parser diagnostics for imported Studio drafts in one click","status":"passed","title":"copies parser diagnostics for imported Studio drafts in one click","duration":2797.3089999999993,"failureMessages":[],"meta":{}},{"ancestorTitles":["ReadingV2StudioShell Build Workspace"],"fullName":"ReadingV2StudioShell Build Workspace surfaces import blockers and jumps teachers to the repair area","status":"passed","title":"surfaces import blockers and jumps teachers to the repair area","duration":1312.9979999999996,"failureMessages":[],"meta":{}},{"ancestorTitles":["ReadingV2StudioShell Build Workspace"],"fullName":"ReadingV2StudioShell Build Workspace blocks publish while imported candidate has provider repair blockers","status":"passed","title":"blocks publish while imported candidate has provider repair blockers","duration":1476.9400000000005,"failureMessages":[],"meta":{}},{"ancestorTitles":["ReadingV2StudioShell Build Workspace"],"fullName":"ReadingV2StudioShell Build Workspace keeps imported review details collapsed by default and accepts import from the developer action row","status":"passed","title":"keeps imported review details collapsed by default and accepts import from the developer action row","duration":1906.9987,"failureMessages":[],"meta":{}},{"ancestorTitles":["ReadingV2StudioShell Build Workspace"],"fullName":"ReadingV2StudioShell Build Workspace tracks question-link navigation and repair actions from the Studio shell","status":"passed","title":"tracks question-link navigation and repair actions from the Studio shell","duration":683.7740999999987,"failureMessages":[],"meta":{}},{"ancestorTitles":["ReadingV2StudioShell Build Workspace"],"fullName":"ReadingV2StudioShell Build Workspace switches between Passage 1, Passage 2, and Passage 3 and updates both panels","status":"passed","title":"switches between Passage 1, Passage 2, and Passage 3 and updates both panels","duration":2223.4258999999984,"failureMessages":[],"meta":{}},{"ancestorTitles":["ReadingV2StudioShell Build Workspace"],"fullName":"ReadingV2StudioShell Build Workspace adds and removes empty passages from the passage selector","status":"passed","title":"adds and removes empty passages from the passage selector","duration":1438.7533000000003,"failureMessages":[],"meta":{}},{"ancestorTitles":["ReadingV2StudioShell Build Workspace"],"fullName":"ReadingV2StudioShell Build Workspace hides passage collection controls when revising an individual Reading Passage","status":"passed","title":"hides passage collection controls when revising an individual Reading Passage","duration":600.6870999999992,"failureMessages":[],"meta":{}},{"ancestorTitles":["ReadingV2StudioShell Build Workspace"],"fullName":"ReadingV2StudioShell Build Workspace hides passage collection controls outside manual and import creation modes","status":"passed","title":"hides passage collection controls outside manual and import creation modes","duration":796.6414000000004,"failureMessages":[],"meta":{}},{"ancestorTitles":["ReadingV2StudioShell Build Workspace"],"fullName":"ReadingV2StudioShell Build Workspace keeps Add Passage available for imported and Auto V4 studio outcomes","status":"passed","title":"keeps Add Passage available for imported and Auto V4 studio outcomes","duration":1062.8666999999987,"failureMessages":[],"meta":{}},{"ancestorTitles":["ReadingV2StudioShell Build Workspace"],"fullName":"ReadingV2StudioShell Build Workspace keeps Passage 3 editable when selected directly from a blank test","status":"passed","title":"keeps Passage 3 editable when selected directly from a blank test","duration":3313.318900000002,"failureMessages":[],"meta":{}},{"ancestorTitles":["ReadingV2StudioShell Build Workspace"],"fullName":"ReadingV2StudioShell Build Workspace keeps task type categories collapsed until search filters the Add Question Group modal","status":"passed","title":"keeps task type categories collapsed until search filters the Add Question Group modal","duration":1239.8281000000025,"failureMessages":[],"meta":{}},{"ancestorTitles":["ReadingV2StudioShell Build Workspace"],"fullName":"ReadingV2StudioShell Build Workspace creates question groups for the selected passage and keeps numbering global","status":"passed","title":"creates question groups for the selected passage and keeps numbering global","duration":2989.5025000000023,"failureMessages":[],"meta":{}},{"ancestorTitles":["ReadingV2StudioShell Build Workspace"],"fullName":"ReadingV2StudioShell Build Workspace duplicates a question group into an independent editable copy","status":"passed","title":"duplicates a question group into an independent editable copy","duration":1550.0283999999956,"failureMessages":[],"meta":{}},{"ancestorTitles":["ReadingV2StudioShell Build Workspace"],"fullName":"ReadingV2StudioShell Build Workspace saves structured table edits only after editor-block normalization keeps anchors valid","status":"passed","title":"saves structured table edits only after editor-block normalization keeps anchors valid","duration":1739.5721000000049,"failureMessages":[],"meta":{}},{"ancestorTitles":["ReadingV2StudioShell Build Workspace"],"fullName":"ReadingV2StudioShell Build Workspace saves incomplete drafts while publish remains blocked by teacher-readable validation","status":"passed","title":"saves incomplete drafts while publish remains blocked by teacher-readable validation","duration":1547.8508999999976,"failureMessages":[],"meta":{}},{"ancestorTitles":["ReadingV2StudioShell Build Workspace"],"fullName":"ReadingV2StudioShell Build Workspace offers completion blank repair and confirms destructive question deletes","status":"passed","title":"offers completion blank repair and confirms destructive question deletes","duration":1528.9346000000005,"failureMessages":[],"meta":{}},{"ancestorTitles":["ReadingV2StudioShell Build Workspace"],"fullName":"ReadingV2StudioShell Build Workspace saves against the duplicated draft identity after conflict recovery duplicate","status":"passed","title":"saves against the duplicated draft identity after conflict recovery duplicate","duration":1223.1081999999951,"failureMessages":[],"meta":{}},{"ancestorTitles":["ReadingV2StudioShell Build Workspace"],"fullName":"ReadingV2StudioShell Build Workspace enables structured task types while marker-based passage tools stay out of the TipTap editor","status":"passed","title":"enables structured task types while marker-based passage tools stay out of the TipTap editor","duration":889.9974999999977,"failureMessages":[],"meta":{}},{"ancestorTitles":["ReadingV2StudioShell Build Workspace"],"fullName":"ReadingV2StudioShell Build Workspace does not expose forbidden internal terms in the normal teacher workspace","status":"passed","title":"does not expose forbidden internal terms in the normal teacher workspace","duration":24.374900000002526,"failureMessages":[],"meta":{}},{"ancestorTitles":["ReadingV2StudioShell Build Workspace"],"fullName":"ReadingV2StudioShell Build Workspace opens a student-facing preview from the current publishable draft","status":"passed","title":"opens a student-facing preview from the current publishable draft","duration":728.3255000000063,"failureMessages":[],"meta":{}},{"ancestorTitles":["ReadingV2StudioShell Build Workspace"],"fullName":"ReadingV2StudioShell Build Workspace edits the top title on double click and publishes the updated metadata title","status":"passed","title":"edits the top title on double click and publishes the updated metadata title","duration":769.937300000005,"failureMessages":[],"meta":{}},{"ancestorTitles":["ReadingV2StudioShell Build Workspace"],"fullName":"ReadingV2StudioShell Build Workspace publishes full-test public visibility from the master visibility control","status":"passed","title":"publishes full-test public visibility from the master visibility control","duration":751.3485999999975,"failureMessages":[],"meta":{}},{"ancestorTitles":["ReadingV2StudioShell Build Workspace"],"fullName":"ReadingV2StudioShell Build Workspace preserves hidden test-type metadata when publishing from Studio","status":"passed","title":"preserves hidden test-type metadata when publishing from Studio","duration":469.6252999999997,"failureMessages":[],"meta":{}},{"ancestorTitles":["ReadingV2StudioShell Build Workspace"],"fullName":"ReadingV2StudioShell Build Workspace uses an exit confirmation before leaving the workspace","status":"passed","title":"uses an exit confirmation before leaving the workspace","duration":680.5777999999991,"failureMessages":[],"meta":{}}],"startTime":1782902083677,"endTime":1782902120689.578,"status":"passed","message":"","name":"C:/Users/The Lord/Desktop/luyentap-writing-import-rebased/src/components/reading-v2/studio/ReadingV2StudioShell.test.tsx"},{"assertionResults":[{"ancestorTitles":["AssessmentAuthoringHeader"],"fullName":"AssessmentAuthoringHeader renders children inside the named neutral header region","status":"passed","title":"renders children inside the named neutral header region","duration":255.04640000000018,"failureMessages":[],"meta":{}},{"ancestorTitles":["AssessmentAuthoringHeader"],"fullName":"AssessmentAuthoringHeader renders module-supplied title and description without owning product copy","status":"passed","title":"renders module-supplied title and description without owning product copy","duration":154.82290000000012,"failureMessages":[],"meta":{}},{"ancestorTitles":["AssessmentAuthoringHeader"],"fullName":"AssessmentAuthoringHeader supports nested heading levels","status":"passed","title":"supports nested heading levels","duration":92.36449999999968,"failureMessages":[],"meta":{}},{"ancestorTitles":["AssessmentAuthoringHeader"],"fullName":"AssessmentAuthoringHeader renders status and action slots without binding handlers or labels","status":"passed","title":"renders status and action slots without binding handlers or labels","duration":63.006499999999505,"failureMessages":[],"meta":{}},{"ancestorTitles":["AssessmentAuthoringHeader"],"fullName":"AssessmentAuthoringHeader preserves falsy ReactNode slot values instead of treating them as absent","status":"passed","title":"preserves falsy ReactNode slot values instead of treating them as absent","duration":36.29650000000038,"failureMessages":[],"meta":{}},{"ancestorTitles":["AssessmentAuthoringHeader"],"fullName":"AssessmentAuthoringHeader uses the title as the accessible region name unless an explicit label is supplied","status":"passed","title":"uses the title as the accessible region name unless an explicit label is supplied","duration":101.7493000000004,"failureMessages":[],"meta":{}},{"ancestorTitles":["AssessmentAuthoringHeader"],"fullName":"AssessmentAuthoringHeader exposes neutral mobile and always-stacked layout modes","status":"passed","title":"exposes neutral mobile and always-stacked layout modes","duration":55.06800000000021,"failureMessages":[],"meta":{}}],"startTime":1782902081437,"endTime":1782902082201.068,"status":"passed","message":"","name":"C:/Users/The Lord/Desktop/luyentap-writing-import-rebased/src/features/assessment/shared/components/AssessmentAuthoringHeader.test.tsx"},{"assertionResults":[{"ancestorTitles":["AssessmentAuthoringSection"],"fullName":"AssessmentAuthoringSection renders neutral authoring structure and optional header slots","status":"passed","title":"renders neutral authoring structure and optional header slots","duration":785.2862000000005,"failureMessages":[],"meta":{}},{"ancestorTitles":["AssessmentAuthoringSection"],"fullName":"AssessmentAuthoringSection supports a nested heading level without requiring optional slots","status":"passed","title":"supports a nested heading level without requiring optional slots","duration":104.59850000000006,"failureMessages":[],"meta":{}},{"ancestorTitles":["AssessmentAuthoringSection"],"fullName":"AssessmentAuthoringSection allows an explicit region label while preserving the visible heading","status":"passed","title":"allows an explicit region label while preserving the visible heading","duration":53.47069999999985,"failureMessages":[],"meta":{}}],"startTime":1782902085448,"endTime":1782902086391.4707,"status":"passed","message":"","name":"C:/Users/The Lord/Desktop/luyentap-writing-import-rebased/src/features/assessment/shared/components/AssessmentAuthoringSection.test.tsx"},{"assertionResults":[{"ancestorTitles":["AssessmentStatusState"],"fullName":"AssessmentStatusState renders loading state with status semantics","status":"passed","title":"renders loading state with status semantics","duration":254.20390000000043,"failureMessages":[],"meta":{}},{"ancestorTitles":["AssessmentStatusState"],"fullName":"AssessmentStatusState renders error state with alert semantics","status":"passed","title":"renders error state with alert semantics","duration":56.97279999999955,"failureMessages":[],"meta":{}},{"ancestorTitles":["AssessmentStatusState"],"fullName":"AssessmentStatusState renders optional actions","status":"passed","title":"renders optional actions","duration":352.46680000000015,"failureMessages":[],"meta":{}},{"ancestorTitles":["AssessmentStatusState"],"fullName":"AssessmentStatusState supports nested heading levels","status":"passed","title":"supports nested heading levels","duration":51.60410000000047,"failureMessages":[],"meta":{}},{"ancestorTitles":["AssessmentStatusState"],"fullName":"AssessmentStatusState supports centered display for nested empty states","status":"passed","title":"supports centered display for nested empty states","duration":5.945599999999104,"failureMessages":[],"meta":{}}],"startTime":1782902092609,"endTime":1782902093330.9456,"status":"passed","message":"","name":"C:/Users/The Lord/Desktop/luyentap-writing-import-rebased/src/features/assessment/shared/components/AssessmentStatusState.test.tsx"},{"assertionResults":[{"ancestorTitles":["AssessmentValidationSummary"],"fullName":"AssessmentValidationSummary renders blocked validation with polite status semantics","status":"passed","title":"renders blocked validation with polite status semantics","duration":470.7993999999999,"failureMessages":[],"meta":{}},{"ancestorTitles":["AssessmentValidationSummary"],"fullName":"AssessmentValidationSummary renders ready validation with status semantics","status":"passed","title":"renders ready validation with status semantics","duration":194.63850000000002,"failureMessages":[],"meta":{}},{"ancestorTitles":["AssessmentValidationSummary"],"fullName":"AssessmentValidationSummary supports neutral labels and nested heading levels","status":"passed","title":"supports neutral labels and nested heading levels","duration":109.50910000000022,"failureMessages":[],"meta":{}},{"ancestorTitles":["AssessmentValidationSummary"],"fullName":"AssessmentValidationSummary allows urgent consumers to opt into alert semantics","status":"passed","title":"allows urgent consumers to opt into alert semantics","duration":97.3732,"failureMessages":[],"meta":{}}],"startTime":1782902081769,"endTime":1782902082641.3733,"status":"passed","message":"","name":"C:/Users/The Lord/Desktop/luyentap-writing-import-rebased/src/features/assessment/shared/components/AssessmentValidationSummary.test.tsx"}]}