{"numTotalTestSuites":9,"numPassedTestSuites":9,"numFailedTestSuites":0,"numPendingTestSuites":0,"numTotalTests":71,"numPassedTests":71,"numFailedTests":0,"numPendingTests":0,"numTodoTests":0,"snapshot":{"added":0,"failure":false,"filesAdded":0,"filesRemoved":0,"filesRemovedList":[],"filesUnmatched":0,"filesUpdated":0,"matched":0,"total":0,"unchecked":0,"uncheckedKeysByFile":[],"unmatched":0,"updated":0,"didUpdate":false},"startTime":1782902572825,"success":true,"testResults":[{"assertionResults":[{"ancestorTitles":["R2StorageService compatibility facade"],"fullName":"R2StorageService compatibility facade resolves Listening upload session authority from Worker env only","status":"passed","title":"resolves Listening upload session authority from Worker env only","duration":1.132799999999861,"failureMessages":[],"meta":{}},{"ancestorTitles":["R2StorageService compatibility facade"],"fullName":"R2StorageService compatibility facade delegates Listening session and asset requests to named backend endpoints without deriving authority","status":"passed","title":"delegates Listening session and asset requests to named backend endpoints without deriving authority","duration":5.78020000000015,"failureMessages":[],"meta":{}},{"ancestorTitles":["R2StorageService compatibility facade"],"fullName":"R2StorageService compatibility facade probes Listening authoring audio readiness through the Worker authority","status":"passed","title":"probes Listening authoring audio readiness through the Worker authority","duration":1.269800000000032,"failureMessages":[],"meta":{}},{"ancestorTitles":["R2StorageService compatibility facade"],"fullName":"R2StorageService compatibility facade creates a canonical Listening upload session, issues an asset, then uploads with its grant","status":"passed","title":"creates a canonical Listening upload session, issues an asset, then uploads with its grant","duration":3.233400000000074,"failureMessages":[],"meta":{}},{"ancestorTitles":["R2StorageService compatibility facade"],"fullName":"R2StorageService compatibility facade maps listening audio temp to approved operation intent","status":"passed","title":"maps listening audio temp to approved operation intent","duration":0.801600000000235,"failureMessages":[],"meta":{}},{"ancestorTitles":["R2StorageService compatibility facade"],"fullName":"R2StorageService compatibility facade maps test audio temp to approved operation intent","status":"passed","title":"maps test audio temp to approved operation intent","duration":0.36160000000018044,"failureMessages":[],"meta":{}},{"ancestorTitles":["R2StorageService compatibility facade"],"fullName":"R2StorageService compatibility facade maps test image temp to approved operation intent","status":"passed","title":"maps test image temp to approved operation intent","duration":0.5117000000000189,"failureMessages":[],"meta":{}},{"ancestorTitles":["R2StorageService compatibility facade"],"fullName":"R2StorageService compatibility facade maps avatar permanent to approved operation intent","status":"passed","title":"maps avatar permanent to approved operation intent","duration":0.39629999999988286,"failureMessages":[],"meta":{}},{"ancestorTitles":["R2StorageService compatibility facade"],"fullName":"R2StorageService compatibility facade maps announcement attachment permanent to approved operation intent","status":"passed","title":"maps announcement attachment permanent to approved operation intent","duration":0.7749999999996362,"failureMessages":[],"meta":{}},{"ancestorTitles":["R2StorageService compatibility facade"],"fullName":"R2StorageService compatibility facade maps book cover permanent to approved operation intent","status":"passed","title":"maps book cover permanent to approved operation intent","duration":0.49419999999963693,"failureMessages":[],"meta":{}},{"ancestorTitles":["R2StorageService compatibility facade"],"fullName":"R2StorageService compatibility facade preserves progress callback for audio uploads","status":"passed","title":"preserves progress callback for audio uploads","duration":0.2944999999999709,"failureMessages":[],"meta":{}},{"ancestorTitles":["R2StorageService compatibility facade"],"fullName":"R2StorageService compatibility facade uses server-derived key for existing image replacement","status":"passed","title":"uses server-derived key for existing image replacement","duration":0.7412999999996828,"failureMessages":[],"meta":{}},{"ancestorTitles":["R2StorageService compatibility facade"],"fullName":"R2StorageService compatibility facade uses server-derived key for existing audio replacement","status":"passed","title":"uses server-derived key for existing audio replacement","duration":0.3137000000001535,"failureMessages":[],"meta":{}},{"ancestorTitles":["R2StorageService compatibility facade"],"fullName":"R2StorageService compatibility facade uses server-derived key for existing book cover replacement","status":"passed","title":"uses server-derived key for existing book cover replacement","duration":0.3049999999998363,"failureMessages":[],"meta":{}},{"ancestorTitles":["R2StorageService compatibility facade"],"fullName":"R2StorageService compatibility facade preserves avatar singleton intent even with an existing URL","status":"passed","title":"preserves avatar singleton intent even with an existing URL","duration":0.21440000000029613,"failureMessages":[],"meta":{}},{"ancestorTitles":["R2StorageService compatibility facade"],"fullName":"R2StorageService compatibility facade delegates temp movement and returns exact Worker result","status":"passed","title":"delegates temp movement and returns exact Worker result","duration":0.20269999999982247,"failureMessages":[],"meta":{}},{"ancestorTitles":["R2StorageService compatibility facade"],"fullName":"R2StorageService compatibility facade preserves public URL key extraction and temp detection","status":"passed","title":"preserves public URL key extraction and temp detection","duration":0.23610000000007858,"failureMessages":[],"meta":{}}],"startTime":1782902575151,"endTime":1782902575169.236,"status":"passed","message":"","name":"C:/Users/The Lord/Desktop/luyentap-writing-import-rebased/src/services/r2Storage.test.ts"},{"assertionResults":[{"ancestorTitles":["R2UploadClient authenticated grant flow"],"fullName":"R2UploadClient authenticated grant flow sends Authorization on authorize, PUT, and move without raw move keys","status":"passed","title":"sends Authorization on authorize, PUT, and move without raw move keys","duration":11.345100000000002,"failureMessages":[],"meta":{}},{"ancestorTitles":["R2UploadClient authenticated grant flow"],"fullName":"R2UploadClient authenticated grant flow sends approved operation kind listening_audio_temp","status":"passed","title":"sends approved operation kind listening_audio_temp","duration":1.8841999999999643,"failureMessages":[],"meta":{}},{"ancestorTitles":["R2UploadClient authenticated grant flow"],"fullName":"R2UploadClient authenticated grant flow sends approved operation kind test_audio_temp","status":"passed","title":"sends approved operation kind test_audio_temp","duration":1.379699999999957,"failureMessages":[],"meta":{}},{"ancestorTitles":["R2UploadClient authenticated grant flow"],"fullName":"R2UploadClient authenticated grant flow sends approved operation kind test_image_temp","status":"passed","title":"sends approved operation kind test_image_temp","duration":1.8262999999997191,"failureMessages":[],"meta":{}},{"ancestorTitles":["R2UploadClient authenticated grant flow"],"fullName":"R2UploadClient authenticated grant flow sends approved operation kind avatar_permanent","status":"passed","title":"sends approved operation kind avatar_permanent","duration":1.2294999999999163,"failureMessages":[],"meta":{}},{"ancestorTitles":["R2UploadClient authenticated grant flow"],"fullName":"R2UploadClient authenticated grant flow sends approved operation kind announcement_attachment_permanent","status":"passed","title":"sends approved operation kind announcement_attachment_permanent","duration":1.204899999999725,"failureMessages":[],"meta":{}},{"ancestorTitles":["R2UploadClient authenticated grant flow"],"fullName":"R2UploadClient authenticated grant flow sends approved operation kind book_cover_permanent","status":"passed","title":"sends approved operation kind book_cover_permanent","duration":1.3114000000000487,"failureMessages":[],"meta":{}},{"ancestorTitles":["R2UploadClient authenticated grant flow"],"fullName":"R2UploadClient authenticated grant flow sends basename, content type, and size without an authoritative raw path","status":"passed","title":"sends basename, content type, and size without an authoritative raw path","duration":4.28020000000015,"failureMessages":[],"meta":{}},{"ancestorTitles":["R2UploadClient authenticated grant flow"],"fullName":"R2UploadClient authenticated grant flow returns exact UploadResult and progress compatibility from Worker output","status":"passed","title":"returns exact UploadResult and progress compatibility from Worker output","duration":3.8063999999999396,"failureMessages":[],"meta":{}},{"ancestorTitles":["R2UploadClient authenticated grant flow"],"fullName":"R2UploadClient authenticated grant flow uploads a canonical Listening asset with the signed bridge grant and exact response checks","status":"passed","title":"uploads a canonical Listening asset with the signed bridge grant and exact response checks","duration":2.1111000000000786,"failureMessages":[],"meta":{}},{"ancestorTitles":["R2UploadClient authenticated grant flow"],"fullName":"R2UploadClient authenticated grant flow rejects a bridge upload response that does not match the issued asset key","status":"passed","title":"rejects a bridge upload response that does not match the issued asset key","duration":2.468800000000101,"failureMessages":[],"meta":{}},{"ancestorTitles":["R2UploadClient authenticated grant flow"],"fullName":"R2UploadClient authenticated grant flow uses configured canary endpoint for authorize, PUT, and move","status":"passed","title":"uses configured canary endpoint for authorize, PUT, and move","duration":1.2408000000000357,"failureMessages":[],"meta":{}},{"ancestorTitles":["R2UploadClient authenticated grant flow"],"fullName":"R2UploadClient authenticated grant flow uses production endpoint when VITE_R2_UPLOAD_WORKER_URL is absent outside local development","status":"passed","title":"uses production endpoint when VITE_R2_UPLOAD_WORKER_URL is absent outside local development","duration":0.743199999999888,"failureMessages":[],"meta":{}},{"ancestorTitles":["R2UploadClient authenticated grant flow"],"fullName":"R2UploadClient authenticated grant flow uses the local Worker fallback only in Vite local development","status":"passed","title":"uses the local Worker fallback only in Vite local development","duration":0.16699999999991633,"failureMessages":[],"meta":{}},{"ancestorTitles":["R2UploadClient authenticated grant flow"],"fullName":"R2UploadClient authenticated grant flow prefers an explicit upload Worker over the local development fallback","status":"passed","title":"prefers an explicit upload Worker over the local development fallback","duration":0.0884000000000924,"failureMessages":[],"meta":{}},{"ancestorTitles":["R2UploadClient authenticated grant flow"],"fullName":"R2UploadClient authenticated grant flow requests the browser-visible upload transport only for localhost development","status":"passed","title":"requests the browser-visible upload transport only for localhost development","duration":0.5594999999998436,"failureMessages":[],"meta":{}},{"ancestorTitles":["R2UploadClient authenticated grant flow"],"fullName":"R2UploadClient authenticated grant flow fails recoverably for missing user","status":"passed","title":"fails recoverably for missing user","duration":0.524199999999837,"failureMessages":[],"meta":{}},{"ancestorTitles":["R2UploadClient authenticated grant flow"],"fullName":"R2UploadClient authenticated grant flow fails recoverably for missing token","status":"passed","title":"fails recoverably for missing token","duration":0.3930000000000291,"failureMessages":[],"meta":{}},{"ancestorTitles":["R2UploadClient authenticated grant flow"],"fullName":"R2UploadClient authenticated grant flow fails recoverably when authorization omits a move grant","status":"passed","title":"fails recoverably when authorization omits a move grant","duration":0.9036999999998443,"failureMessages":[],"meta":{}},{"ancestorTitles":["R2UploadClient authenticated grant flow"],"fullName":"R2UploadClient authenticated grant flow fails expired move grant without any raw-key fallback request","status":"passed","title":"fails expired move grant without any raw-key fallback request","duration":0.6286999999997533,"failureMessages":[],"meta":{}},{"ancestorTitles":["R2UploadClient authenticated grant flow"],"fullName":"R2UploadClient authenticated grant flow fails missing move grant association without network or raw-key fallback","status":"passed","title":"fails missing move grant association without network or raw-key fallback","duration":0.2944999999999709,"failureMessages":[],"meta":{}},{"ancestorTitles":["R2UploadClient authenticated grant flow"],"fullName":"R2UploadClient authenticated grant flow rejects an upload URL outside configured Worker endpoint","status":"passed","title":"rejects an upload URL outside configured Worker endpoint","duration":3.4974999999999454,"failureMessages":[],"meta":{}},{"ancestorTitles":["R2UploadClient authenticated grant flow"],"fullName":"R2UploadClient authenticated grant flow surfaces sanitized Worker PUT rejection diagnostics","status":"passed","title":"surfaces sanitized Worker PUT rejection diagnostics","duration":0.8096999999997934,"failureMessages":[],"meta":{}},{"ancestorTitles":["R2UploadClient authenticated grant flow"],"fullName":"R2UploadClient authenticated grant flow does not write or log tokens, grants, or keys","status":"passed","title":"does not write or log tokens, grants, or keys","duration":0.9184000000000196,"failureMessages":[],"meta":{}},{"ancestorTitles":["R2UploadClient authenticated grant flow"],"fullName":"R2UploadClient authenticated grant flow marks Worker auth rejection as recoverable without leaking response text","status":"passed","title":"marks Worker auth rejection as recoverable without leaking response text","duration":0.5187000000000808,"failureMessages":[],"meta":{}},{"ancestorTitles":["R2UploadClient default browser fetch binding"],"fullName":"R2UploadClient default browser fetch binding invokes the default global fetch with the global receiver on authorize and move","status":"passed","title":"invokes the default global fetch with the global receiver on authorize and move","duration":0.8525000000004184,"failureMessages":[],"meta":{}}],"startTime":1782902575113,"endTime":1782902575158.8525,"status":"passed","message":"","name":"C:/Users/The Lord/Desktop/luyentap-writing-import-rebased/src/services/r2UploadClient.test.ts"},{"assertionResults":[{"ancestorTitles":["ListeningTestBuilder"],"fullName":"ListeningTestBuilder uses the neutral authoring layout for empty Step 4 after skipping text-mode parsing","status":"passed","title":"uses the neutral authoring layout for empty Step 4 after skipping text-mode parsing","duration":2618.3872,"failureMessages":[],"meta":{}},{"ancestorTitles":["ListeningTestBuilder"],"fullName":"ListeningTestBuilder renders display mode options as keyboard-reachable buttons with pressed state","status":"passed","title":"renders display mode options as keyboard-reachable buttons with pressed state","duration":574.8882999999996,"failureMessages":[],"meta":{}},{"ancestorTitles":["ListeningTestBuilder"],"fullName":"ListeningTestBuilder shows exact upload guidance copy and labels the audio counter separately","status":"passed","title":"shows exact upload guidance copy and labels the audio counter separately","duration":346.5718999999999,"failureMessages":[],"meta":{}},{"ancestorTitles":["ListeningTestBuilder"],"fullName":"ListeningTestBuilder uploads through canonical Listening authority and saves only approved asset fields","status":"passed","title":"uploads through canonical Listening authority and saves only approved asset fields","duration":742.5739000000003,"failureMessages":[],"meta":{}},{"ancestorTitles":["ListeningTestBuilder"],"fullName":"ListeningTestBuilder preserves the previous canonical asset when replacement upload fails","status":"passed","title":"preserves the previous canonical asset when replacement upload fails","duration":704.8008999999984,"failureMessages":[],"meta":{}},{"ancestorTitles":["ListeningTestBuilder"],"fullName":"ListeningTestBuilder ignores a stale upload completion after a newer section upload succeeds","status":"passed","title":"ignores a stale upload completion after a newer section upload succeeds","duration":724.1652999999988,"failureMessages":[],"meta":{}},{"ancestorTitles":["ListeningTestBuilder"],"fullName":"ListeningTestBuilder tracks authoring step navigation without logging audio delivery URLs","status":"passed","title":"tracks authoring step navigation without logging audio delivery URLs","duration":1389.8829000000005,"failureMessages":[],"meta":{}},{"ancestorTitles":["ListeningTestBuilder"],"fullName":"ListeningTestBuilder saves a draft with missing-audio warnings from the audio step and avoids publish persistence","status":"passed","title":"saves a draft with missing-audio warnings from the audio step and avoids publish persistence","duration":692.1513999999988,"failureMessages":[],"meta":{}},{"ancestorTitles":["ListeningTestBuilder"],"fullName":"ListeningTestBuilder does not show missing-audio draft guidance for non-audio backend warnings","status":"passed","title":"does not show missing-audio draft guidance for non-audio backend warnings","duration":724.4964,"failureMessages":[],"meta":{}},{"ancestorTitles":["ListeningTestBuilder"],"fullName":"ListeningTestBuilder blocks publish on the manual path and uses the shared error announcement system","status":"passed","title":"blocks publish on the manual path and uses the shared error announcement system","duration":1229.754500000001,"failureMessages":[],"meta":{}},{"ancestorTitles":["ListeningTestBuilder"],"fullName":"ListeningTestBuilder coalesces duplicate Save draft clicks and tracks the duplicate-action path","status":"passed","title":"coalesces duplicate Save draft clicks and tracks the duplicate-action path","duration":555.0232000000015,"failureMessages":[],"meta":{}},{"ancestorTitles":["ListeningTestBuilder"],"fullName":"ListeningTestBuilder sends canonical authoring audio fields without storage-only upload metadata","status":"passed","title":"sends canonical authoring audio fields without storage-only upload metadata","duration":1737.3785000000007,"failureMessages":[],"meta":{}},{"ancestorTitles":["ListeningTestBuilder"],"fullName":"ListeningTestBuilder blocks publish before the backend when audio delivery is not byte-range capable","status":"passed","title":"blocks publish before the backend when audio delivery is not byte-range capable","duration":1687.9627999999993,"failureMessages":[],"meta":{}},{"ancestorTitles":["ListeningTestBuilder"],"fullName":"ListeningTestBuilder renders publish readiness and action controls with accessible labels and status semantics","status":"passed","title":"renders publish readiness and action controls with accessible labels and status semantics","duration":2211.110199999999,"failureMessages":[],"meta":{}},{"ancestorTitles":["ListeningTestBuilder"],"fullName":"ListeningTestBuilder focuses stale-conflict recovery and returns keyboard users to editing","status":"passed","title":"focuses stale-conflict recovery and returns keyboard users to editing","duration":595.6758000000009,"failureMessages":[],"meta":{}},{"ancestorTitles":["ListeningTestBuilder"],"fullName":"ListeningTestBuilder uses trusted discard and restore lifecycle operations with keyboard-reachable recovery","status":"passed","title":"uses trusted discard and restore lifecycle operations with keyboard-reachable recovery","duration":1080.1416000000027,"failureMessages":[],"meta":{}},{"ancestorTitles":["ListeningTestBuilder"],"fullName":"ListeningTestBuilder archives the published version through the trusted lifecycle operation","status":"passed","title":"archives the published version through the trusted lifecycle operation","duration":2572.3662000000004,"failureMessages":[],"meta":{}},{"ancestorTitles":["ListeningTestBuilder"],"fullName":"ListeningTestBuilder keeps display mode buttons semantically valid and scoped to explicit transitions","status":"passed","title":"keeps display mode buttons semantically valid and scoped to explicit transitions","duration":284.8816999999981,"failureMessages":[],"meta":{}}],"startTime":1782902576920,"endTime":1782902597392.8816,"status":"passed","message":"","name":"C:/Users/The Lord/Desktop/luyentap-writing-import-rebased/src/skills/listening/builders/ListeningTestBuilder.test.tsx"},{"assertionResults":[{"ancestorTitles":["AudioPlayer"],"fullName":"AudioPlayer attempts playback directly from the play tap in the mobile layout","status":"passed","title":"attempts playback directly from the play tap in the mobile layout","duration":297.0079999999998,"failureMessages":[],"meta":{}},{"ancestorTitles":["AudioPlayer"],"fullName":"AudioPlayer renders touch-friendly controls in the mobile layout","status":"passed","title":"renders touch-friendly controls in the mobile layout","duration":36.88229999999976,"failureMessages":[],"meta":{}},{"ancestorTitles":["AudioPlayer"],"fullName":"AudioPlayer keeps the speed select in sync with external playbackSpeed changes","status":"passed","title":"keeps the speed select in sync with external playbackSpeed changes","duration":45.29150000000027,"failureMessages":[],"meta":{}},{"ancestorTitles":["AudioPlayer"],"fullName":"AudioPlayer restarts playback after changing source while active","status":"passed","title":"restarts playback after changing source while active","duration":47.390699999999924,"failureMessages":[],"meta":{}},{"ancestorTitles":["AudioPlayer"],"fullName":"AudioPlayer does not surface interrupted source-handoff play requests as audio errors","status":"passed","title":"does not surface interrupted source-handoff play requests as audio errors","duration":25.117699999999786,"failureMessages":[],"meta":{}},{"ancestorTitles":["AudioPlayer"],"fullName":"AudioPlayer finishes the section instead of auto-replaying when audio ends","status":"passed","title":"finishes the section instead of auto-replaying when audio ends","duration":20.73070000000007,"failureMessages":[],"meta":{}},{"ancestorTitles":["AudioPlayer"],"fullName":"AudioPlayer keeps the old authorized URL active until the refreshed source is ready and preserves teacher authority","status":"passed","title":"keeps the old authorized URL active until the refreshed source is ready and preserves teacher authority","duration":61.20879999999988,"failureMessages":[],"meta":{}},{"ancestorTitles":["AudioPlayer"],"fullName":"AudioPlayer retries refresh with bounded backoff without pausing active playback","status":"passed","title":"retries refresh with bounded backoff without pausing active playback","duration":48.79240000000027,"failureMessages":[],"meta":{}},{"ancestorTitles":["AudioPlayer"],"fullName":"AudioPlayer shows an actionable refresh warning without signed URLs and clears it after recovery","status":"passed","title":"shows an actionable refresh warning without signed URLs and clears it after recovery","duration":65.5003999999999,"failureMessages":[],"meta":{}},{"ancestorTitles":["AudioPlayer"],"fullName":"AudioPlayer exposes live loading, error, sync, and refresh-warning semantics with reachable named controls","status":"passed","title":"exposes live loading, error, sync, and refresh-warning semantics with reachable named controls","duration":163.66940000000022,"failureMessages":[],"meta":{}}],"startTime":1782902575322,"endTime":1782902576134.6694,"status":"passed","message":"","name":"C:/Users/The Lord/Desktop/luyentap-writing-import-rebased/src/skills/listening/components/AudioPlayer.test.tsx"}]}