{"numTotalTestSuites":30,"numPassedTestSuites":30,"numFailedTestSuites":0,"numPendingTestSuites":0,"numTotalTests":91,"numPassedTests":91,"numFailedTests":0,"numPendingTests":0,"numTodoTests":0,"snapshot":{"added":0,"failure":false,"filesAdded":0,"filesRemoved":0,"filesRemovedList":[],"filesUnmatched":0,"filesUpdated":0,"matched":0,"total":0,"unchecked":0,"uncheckedKeysByFile":[],"unmatched":0,"updated":0,"didUpdate":false},"startTime":1782908747189,"success":true,"testResults":[{"assertionResults":[{"ancestorTitles":["TeacherTestMonitorPage release controls"],"fullName":"TeacherTestMonitorPage release controls renders the review release control bar when students have submitted","status":"passed","title":"renders the review release control bar when students have submitted","duration":1153.7723999999998,"failureMessages":[],"meta":{}},{"ancestorTitles":["TeacherTestMonitorPage release controls"],"fullName":"TeacherTestMonitorPage release controls updates the live-session release state from the monitor controls","status":"passed","title":"updates the live-session release state from the monitor controls","duration":276.9977999999992,"failureMessages":[],"meta":{}},{"ancestorTitles":["TeacherTestMonitorPage release controls"],"fullName":"TeacherTestMonitorPage release controls does not rewrite the release state when the active state is clicked","status":"passed","title":"does not rewrite the release state when the active state is clicked","duration":391.2975000000006,"failureMessages":[],"meta":{}},{"ancestorTitles":["TeacherTestMonitorPage release controls"],"fullName":"TeacherTestMonitorPage release controls does not render the audio progress panel for non-Listening sessions","status":"passed","title":"does not render the audio progress panel for non-Listening sessions","duration":98.08020000000033,"failureMessages":[],"meta":{}},{"ancestorTitles":["TeacherTestMonitorPage release controls"],"fullName":"TeacherTestMonitorPage release controls renders the audio progress panel only for in-progress Listening sessions with audio sections","status":"passed","title":"renders the audio progress panel only for in-progress Listening sessions with audio sections","duration":217.30719999999928,"failureMessages":[],"meta":{}},{"ancestorTitles":["TeacherTestMonitorPage release controls"],"fullName":"TeacherTestMonitorPage release controls hydrates listening monitor audio controls from canonical masterAudioState on reload","status":"passed","title":"hydrates listening monitor audio controls from canonical masterAudioState on reload","duration":107.3072000000011,"failureMessages":[],"meta":{}},{"ancestorTitles":["TeacherTestMonitorPage release controls"],"fullName":"TeacherTestMonitorPage release controls resolves asset-ID monitor audio through private delivery before playback","status":"passed","title":"resolves asset-ID monitor audio through private delivery before playback","duration":121.26380000000063,"failureMessages":[],"meta":{}},{"ancestorTitles":["TeacherTestMonitorPage release controls"],"fullName":"TeacherTestMonitorPage release controls surfaces integrity alerts and opens the detail panel from the monitor banner","status":"passed","title":"surfaces integrity alerts and opens the detail panel from the monitor banner","duration":362.85329999999885,"failureMessages":[],"meta":{}},{"ancestorTitles":["TeacherTestMonitorPage release controls"],"fullName":"TeacherTestMonitorPage release controls shows a teacher notification when a student accrues new integrity violations","status":"passed","title":"shows a teacher notification when a student accrues new integrity violations","duration":100.46669999999904,"failureMessages":[],"meta":{}}],"startTime":1782908756712,"endTime":1782908759541.4668,"status":"passed","message":"","name":"C:/Users/The Lord/Desktop/luyentap-writing-import-rebased/src/pages/TeacherTestMonitorPage.test.tsx"},{"assertionResults":[{"ancestorTitles":["SharedSavedResultCore — PRD-0040 Task 2.2"],"fullName":"SharedSavedResultCore — PRD-0040 Task 2.2 renders the shared core root with data-variant attribute","status":"passed","title":"renders the shared core root with data-variant attribute","duration":44.963299999999435,"failureMessages":[],"meta":{}},{"ancestorTitles":["SharedSavedResultCore — PRD-0040 Task 2.2"],"fullName":"SharedSavedResultCore — PRD-0040 Task 2.2 renders OverviewTab with score summary","status":"passed","title":"renders OverviewTab with score summary","duration":9.681899999999587,"failureMessages":[],"meta":{}},{"ancestorTitles":["SharedSavedResultCore — PRD-0040 Task 2.2"],"fullName":"SharedSavedResultCore — PRD-0040 Task 2.2 renders ReviewTab with question review cards","status":"passed","title":"renders ReviewTab with question review cards","duration":25.23370000000068,"failureMessages":[],"meta":{}},{"ancestorTitles":["SharedSavedResultCore — PRD-0040 Task 2.2"],"fullName":"SharedSavedResultCore — PRD-0040 Task 2.2 renders legacy Listening result-review audio through the public resolver without delivery issuance","status":"passed","title":"renders legacy Listening result-review audio through the public resolver without delivery issuance","duration":35.40229999999974,"failureMessages":[],"meta":{}},{"ancestorTitles":["SharedSavedResultCore — PRD-0040 Task 2.2"],"fullName":"SharedSavedResultCore — PRD-0040 Task 2.2 resolves new Listening asset-ID result-review audio through authorized delivery","status":"passed","title":"resolves new Listening asset-ID result-review audio through authorized delivery","duration":34.73480000000018,"failureMessages":[],"meta":{}},{"ancestorTitles":["SharedSavedResultCore — PRD-0040 Task 2.2"],"fullName":"SharedSavedResultCore — PRD-0040 Task 2.2 uses the production result-review delivery issuer when shells do not inject one","status":"passed","title":"uses the production result-review delivery issuer when shells do not inject one","duration":66.13709999999992,"failureMessages":[],"meta":{}},{"ancestorTitles":["SharedSavedResultCore — PRD-0040 Task 2.2"],"fullName":"SharedSavedResultCore — PRD-0040 Task 2.2 routes Reading V2 saved results to the grouped review adapter instead of legacy ReviewTab","status":"passed","title":"routes Reading V2 saved results to the grouped review adapter instead of legacy ReviewTab","duration":89.89509999999973,"failureMessages":[],"meta":{}},{"ancestorTitles":["SharedSavedResultCore — PRD-0040 Task 2.2"],"fullName":"SharedSavedResultCore — PRD-0040 Task 2.2 does not show the legacy empty-question message when Reading V2 grouped review payload exists","status":"passed","title":"does not show the legacy empty-question message when Reading V2 grouped review payload exists","duration":66.68580000000111,"failureMessages":[],"meta":{}},{"ancestorTitles":["SharedSavedResultCore — PRD-0040 Task 2.2"],"fullName":"SharedSavedResultCore — PRD-0040 Task 2.2 hides ReviewTab when feedbackTiming is never","status":"passed","title":"hides ReviewTab when feedbackTiming is never","duration":8.240799999999581,"failureMessages":[],"meta":{}},{"ancestorTitles":["SharedSavedResultCore — PRD-0040 Task 2.2"],"fullName":"SharedSavedResultCore — PRD-0040 Task 2.2 hides FeedbackTab when feedbackTiming is never","status":"passed","title":"hides FeedbackTab when feedbackTiming is never","duration":7.713300000001254,"failureMessages":[],"meta":{}},{"ancestorTitles":["SharedSavedResultCore — PRD-0040 Task 2.2"],"fullName":"SharedSavedResultCore — PRD-0040 Task 2.2 renders teacher overall feedback when section enabled","status":"passed","title":"renders teacher overall feedback when section enabled","duration":101.0036999999993,"failureMessages":[],"meta":{}},{"ancestorTitles":["SharedSavedResultCore — PRD-0040 Task 2.2"],"fullName":"SharedSavedResultCore — PRD-0040 Task 2.2 does not render teacher feedback by default","status":"passed","title":"does not render teacher feedback by default","duration":6.767499999999927,"failureMessages":[],"meta":{}},{"ancestorTitles":["SharedSavedResultCore — PRD-0040 Task 2.2"],"fullName":"SharedSavedResultCore — PRD-0040 Task 2.2 renders per-question teacher feedback when section enabled","status":"passed","title":"renders per-question teacher feedback when section enabled","duration":28.887899999999718,"failureMessages":[],"meta":{}},{"ancestorTitles":["SharedSavedResultCore — PRD-0040 Task 2.2"],"fullName":"SharedSavedResultCore — PRD-0040 Task 2.2 renders writing placeholder when section enabled and submission exists","status":"passed","title":"renders writing placeholder when section enabled and submission exists","duration":19.57049999999981,"failureMessages":[],"meta":{}},{"ancestorTitles":["SharedSavedResultCore — PRD-0040 Task 2.2"],"fullName":"SharedSavedResultCore — PRD-0040 Task 2.2 does not render writing placeholder by default","status":"passed","title":"does not render writing placeholder by default","duration":54.48160000000098,"failureMessages":[],"meta":{}},{"ancestorTitles":["SharedSavedResultCore — PRD-0040 Task 2.2"],"fullName":"SharedSavedResultCore — PRD-0040 Task 2.2 renders empty state when no question results and no writing","status":"passed","title":"renders empty state when no question results and no writing","duration":7.639100000000326,"failureMessages":[],"meta":{}},{"ancestorTitles":["SharedSavedResultCore — PRD-0040 Task 2.2"],"fullName":"SharedSavedResultCore — PRD-0040 Task 2.2 handles legacy result with missing fields gracefully","status":"passed","title":"handles legacy result with missing fields gracefully","duration":6.21730000000025,"failureMessages":[],"meta":{}},{"ancestorTitles":["SharedSavedResultCore — PRD-0040 Task 2.2"],"fullName":"SharedSavedResultCore — PRD-0040 Task 2.2 can hide overview section via sections prop","status":"passed","title":"can hide overview section via sections prop","duration":3.6162999999996828,"failureMessages":[],"meta":{}},{"ancestorTitles":["SharedSavedResultCore — PRD-0040 Task 2.2"],"fullName":"SharedSavedResultCore — PRD-0040 Task 2.2 renders with modal variant spacing","status":"passed","title":"renders with modal variant spacing","duration":24.304399999999077,"failureMessages":[],"meta":{}},{"ancestorTitles":["SharedSavedResultCore — PRD-0040 Task 2.2"],"fullName":"SharedSavedResultCore — PRD-0040 Task 2.2 renders with full-page variant spacing","status":"passed","title":"renders with full-page variant spacing","duration":8.77730000000156,"failureMessages":[],"meta":{}},{"ancestorTitles":["SharedSavedResultCore — PRD-0040 Task 2.2"],"fullName":"SharedSavedResultCore — PRD-0040 Task 2.2 passes feedbackState loading to OverviewTab shimmer","status":"passed","title":"passes feedbackState loading to OverviewTab shimmer","duration":10.726699999999255,"failureMessages":[],"meta":{}},{"ancestorTitles":["SharedSavedResultCore — PRD-0040 Task 2.2"],"fullName":"SharedSavedResultCore — PRD-0040 Task 2.2 passes feedbackState error to OverviewTab","status":"passed","title":"passes feedbackState error to OverviewTab","duration":81.0052999999989,"failureMessages":[],"meta":{}},{"ancestorTitles":["SharedSavedResultCore — PRD-0040 Task 2.2"],"fullName":"SharedSavedResultCore — PRD-0040 Task 2.2 renders retry button when feedbackState has error and onRetryFeedback","status":"passed","title":"renders retry button when feedbackState has error and onRetryFeedback","duration":37.08860000000095,"failureMessages":[],"meta":{}}],"startTime":1782908757693,"endTime":1782908758472.0886,"status":"passed","message":"","name":"C:/Users/The Lord/Desktop/luyentap-writing-import-rebased/src/components/results/SharedSavedResultCore.test.tsx"},{"assertionResults":[{"ancestorTitles":["useAudioSync live authority behavior"],"fullName":"useAudioSync live authority behavior pauses after teacher disconnect grace and recovers only from newer canonical authority","status":"passed","title":"pauses after teacher disconnect grace and recovers only from newer canonical authority","duration":24.475499999998647,"failureMessages":[],"meta":{}},{"ancestorTitles":["useAudioSync live authority behavior"],"fullName":"useAudioSync live authority behavior does not surface interrupted play requests as console errors","status":"passed","title":"does not surface interrupted play requests as console errors","duration":5.990299999999479,"failureMessages":[],"meta":{}}],"startTime":1782908756989,"endTime":1782908757019.9902,"status":"passed","message":"","name":"C:/Users/The Lord/Desktop/luyentap-writing-import-rebased/src/hooks/audio/useAudioSync.test.tsx"},{"assertionResults":[{"ancestorTitles":["AudioPlayer"],"fullName":"AudioPlayer attempts playback directly from the play tap in the mobile layout","status":"passed","title":"attempts playback directly from the play tap in the mobile layout","duration":676.4205999999995,"failureMessages":[],"meta":{}},{"ancestorTitles":["AudioPlayer"],"fullName":"AudioPlayer renders touch-friendly controls in the mobile layout","status":"passed","title":"renders touch-friendly controls in the mobile layout","duration":41.714099999999235,"failureMessages":[],"meta":{}},{"ancestorTitles":["AudioPlayer"],"fullName":"AudioPlayer keeps the speed select in sync with external playbackSpeed changes","status":"passed","title":"keeps the speed select in sync with external playbackSpeed changes","duration":62.88500000000022,"failureMessages":[],"meta":{}},{"ancestorTitles":["AudioPlayer"],"fullName":"AudioPlayer restarts playback after changing source while active","status":"passed","title":"restarts playback after changing source while active","duration":63.65810000000056,"failureMessages":[],"meta":{}},{"ancestorTitles":["AudioPlayer"],"fullName":"AudioPlayer does not surface interrupted source-handoff play requests as audio errors","status":"passed","title":"does not surface interrupted source-handoff play requests as audio errors","duration":52.67070000000058,"failureMessages":[],"meta":{}},{"ancestorTitles":["AudioPlayer"],"fullName":"AudioPlayer finishes the section instead of auto-replaying when audio ends","status":"passed","title":"finishes the section instead of auto-replaying when audio ends","duration":51.5659999999998,"failureMessages":[],"meta":{}},{"ancestorTitles":["AudioPlayer"],"fullName":"AudioPlayer keeps the old authorized URL active until the refreshed source is ready and preserves teacher authority","status":"passed","title":"keeps the old authorized URL active until the refreshed source is ready and preserves teacher authority","duration":116.0001000000002,"failureMessages":[],"meta":{}},{"ancestorTitles":["AudioPlayer"],"fullName":"AudioPlayer retries refresh with bounded backoff without pausing active playback","status":"passed","title":"retries refresh with bounded backoff without pausing active playback","duration":73.55429999999978,"failureMessages":[],"meta":{}},{"ancestorTitles":["AudioPlayer"],"fullName":"AudioPlayer shows an actionable refresh warning without signed URLs and clears it after recovery","status":"passed","title":"shows an actionable refresh warning without signed URLs and clears it after recovery","duration":75.70439999999962,"failureMessages":[],"meta":{}},{"ancestorTitles":["AudioPlayer"],"fullName":"AudioPlayer exposes live loading, error, sync, and refresh-warning semantics with reachable named controls","status":"passed","title":"exposes live loading, error, sync, and refresh-warning semantics with reachable named controls","duration":230.11799999999948,"failureMessages":[],"meta":{}}],"startTime":1782908753324,"endTime":1782908754769.118,"status":"passed","message":"","name":"C:/Users/The Lord/Desktop/luyentap-writing-import-rebased/src/skills/listening/components/AudioPlayer.test.tsx"},{"assertionResults":[{"ancestorTitles":["Listening result-review audio resolver"],"fullName":"Listening result-review audio resolver keeps legacy raw public R2 result audio on the shared read-only resolver without migration","status":"passed","title":"keeps legacy raw public R2 result audio on the shared read-only resolver without migration","duration":1.7961999999997715,"failureMessages":[],"meta":{}},{"ancestorTitles":["Listening result-review audio resolver"],"fullName":"Listening result-review audio resolver resolves a new asset-ID result through authorized delivery scoped to result review","status":"passed","title":"resolves a new asset-ID result through authorized delivery scoped to result review","duration":2.2452000000002954,"failureMessages":[],"meta":{}},{"ancestorTitles":["Listening result-review audio resolver"],"fullName":"Listening result-review audio resolver fails closed for asset-ID result review records missing immutable version scope","status":"passed","title":"fails closed for asset-ID result review records missing immutable version scope","duration":1.105399999999463,"failureMessages":[],"meta":{}},{"ancestorTitles":["Listening result-review audio resolver"],"fullName":"Listening result-review audio resolver returns asset-ID result review to public R2 during rollback without data mutation or issuer calls","status":"passed","title":"returns asset-ID result review to public R2 during rollback without data mutation or issuer calls","duration":0.3926000000001295,"failureMessages":[],"meta":{}}],"startTime":1782908759014,"endTime":1782908759019.3926,"status":"passed","message":"","name":"C:/Users/The Lord/Desktop/luyentap-writing-import-rebased/src/features/assessment/listening/adapters/listeningResultReviewAudioResolver.test.ts"},{"assertionResults":[{"ancestorTitles":["listeningResultReviewDeliveryClient"],"fullName":"listeningResultReviewDeliveryClient resolves an explicit delivery endpoint before the shared upload Worker fallback","status":"passed","title":"resolves an explicit delivery endpoint before the shared upload Worker fallback","duration":1.1744999999991705,"failureMessages":[],"meta":{}},{"ancestorTitles":["listeningResultReviewDeliveryClient"],"fullName":"listeningResultReviewDeliveryClient posts only asset and result-review scope to the authenticated Worker boundary","status":"passed","title":"posts only asset and result-review scope to the authenticated Worker boundary","duration":7.3992000000007465,"failureMessages":[],"meta":{}},{"ancestorTitles":["listeningResultReviewDeliveryClient"],"fullName":"listeningResultReviewDeliveryClient requires a Firebase ID token before requesting delivery","status":"passed","title":"requires a Firebase ID token before requesting delivery","duration":1.1098999999994703,"failureMessages":[],"meta":{}},{"ancestorTitles":["listeningResultReviewDeliveryClient"],"fullName":"listeningResultReviewDeliveryClient surfaces safe Worker error codes on delivery failure","status":"passed","title":"surfaces safe Worker error codes on delivery failure","duration":0.667699999999968,"failureMessages":[],"meta":{}}],"startTime":1782908753355,"endTime":1782908753365.6677,"status":"passed","message":"","name":"C:/Users/The Lord/Desktop/luyentap-writing-import-rebased/src/features/assessment/listening/adapters/listeningResultReviewDeliveryClient.test.ts"},{"assertionResults":[{"ancestorTitles":["audioCommand compatibility contract"],"fullName":"audioCommand compatibility contract projects accepted canonical command transactions without inventing default state","status":"passed","title":"projects accepted canonical command transactions without inventing default state","duration":1.952900000000227,"failureMessages":[],"meta":{}},{"ancestorTitles":["audioCommand compatibility contract"],"fullName":"audioCommand compatibility contract validates command-to-canonical identity, revision, and complete mirrored fields","status":"passed","title":"validates command-to-canonical identity, revision, and complete mirrored fields","duration":0.770900000000438,"failureMessages":[],"meta":{}},{"ancestorTitles":["audioCommand compatibility contract"],"fullName":"audioCommand compatibility contract rejects stale commands and requests canonical reread for future revisions without applying command state","status":"passed","title":"rejects stale commands and requests canonical reread for future revisions without applying command state","duration":0.23080000000027212,"failureMessages":[],"meta":{}},{"ancestorTitles":["audioCommand compatibility contract"],"fullName":"audioCommand compatibility contract prevents legacy commands from overriding a client that accepted v2 canonical state","status":"passed","title":"prevents legacy commands from overriding a client that accepted v2 canonical state","duration":0.183100000000195,"failureMessages":[],"meta":{}},{"ancestorTitles":["audioCommand compatibility contract"],"fullName":"audioCommand compatibility contract defines retirement criteria before audioCommand removal can be claimed","status":"passed","title":"defines retirement criteria before audioCommand removal can be claimed","duration":0.13410000000021682,"failureMessages":[],"meta":{}}],"startTime":1782908760728,"endTime":1782908760731.2307,"status":"passed","message":"","name":"C:/Users/The Lord/Desktop/luyentap-writing-import-rebased/src/features/assessment/listening/live-session/authority/audioCommandCompatibility.test.ts"},{"assertionResults":[{"ancestorTitles":["live audio authority transactions"],"fullName":"live audio authority transactions writes pause through one canonical root transaction without defaulting rich state away","status":"passed","title":"writes pause through one canonical root transaction without defaulting rich state away","duration":2.52179999999953,"failureMessages":[],"meta":{}},{"ancestorTitles":["live audio authority transactions"],"fullName":"live audio authority transactions preserves canonical section, position, and play state when changing speed","status":"passed","title":"preserves canonical section, position, and play state when changing speed","duration":0.5504000000000815,"failureMessages":[],"meta":{}},{"ancestorTitles":["live audio authority transactions"],"fullName":"live audio authority transactions requires hydrated canonical state before command writes can proceed","status":"passed","title":"requires hydrated canonical state before command writes can proceed","duration":0.6992000000000189,"failureMessages":[],"meta":{}},{"ancestorTitles":["live audio authority transactions"],"fullName":"live audio authority transactions creates initial authority without projecting an audioCommand","status":"passed","title":"creates initial authority without projecting an audioCommand","duration":0.2665999999999258,"failureMessages":[],"meta":{}}],"startTime":1782908759264,"endTime":1782908759268.2666,"status":"passed","message":"","name":"C:/Users/The Lord/Desktop/luyentap-writing-import-rebased/src/features/assessment/listening/live-session/authority/liveAudioAuthorityTransaction.test.ts"},{"assertionResults":[{"ancestorTitles":["live audio runtime hydration"],"fullName":"live audio runtime hydration hydrates late joiners from canonical authority and accounts elapsed trusted time","status":"passed","title":"hydrates late joiners from canonical authority and accounts elapsed trusted time","duration":1.522099999999682,"failureMessages":[],"meta":{}},{"ancestorTitles":["live audio runtime hydration"],"fullName":"live audio runtime hydration uses canonical section and position on reload instead of restoring local playback authority","status":"passed","title":"uses canonical section and position on reload instead of restoring local playback authority","duration":0.30920000000014625,"failureMessages":[],"meta":{}},{"ancestorTitles":["live audio runtime hydration"],"fullName":"live audio runtime hydration accepts only newer canonical revisions once v2 authority is present","status":"passed","title":"accepts only newer canonical revisions once v2 authority is present","duration":0.654700000000048,"failureMessages":[],"meta":{}}],"startTime":1782908759925,"endTime":1782908759927.6548,"status":"passed","message":"","name":"C:/Users/The Lord/Desktop/luyentap-writing-import-rebased/src/features/assessment/listening/live-session/authority/liveAudioRuntimeHydration.test.ts"},{"assertionResults":[{"ancestorTitles":["live audio sync policy"],"fullName":"live audio sync policy keeps 500 ms soft correction and 2 second hard seek as named test baselines","status":"passed","title":"keeps 500 ms soft correction and 2 second hard seek as named test baselines","duration":1.3380999999999403,"failureMessages":[],"meta":{}},{"ancestorTitles":["live audio sync policy"],"fullName":"live audio sync policy limits soft correction to five percent around canonical speed","status":"passed","title":"limits soft correction to five percent around canonical speed","duration":0.44059999999990396,"failureMessages":[],"meta":{}},{"ancestorTitles":["live audio sync policy"],"fullName":"live audio sync policy calculates expected position only from canonical authority","status":"passed","title":"calculates expected position only from canonical authority","duration":0.27770000000055006,"failureMessages":[],"meta":{}},{"ancestorTitles":["live audio sync policy"],"fullName":"live audio sync policy freezes only after bounded teacher disconnect grace","status":"passed","title":"freezes only after bounded teacher disconnect grace","duration":0.5343999999995503,"failureMessages":[],"meta":{}}],"startTime":1782908760706,"endTime":1782908760708.5344,"status":"passed","message":"","name":"C:/Users/The Lord/Desktop/luyentap-writing-import-rebased/src/features/assessment/listening/live-session/authority/liveAudioSyncPolicy.test.ts"},{"assertionResults":[{"ancestorTitles":["listeningLiveDeliveryAdapter"],"fullName":"listeningLiveDeliveryAdapter keeps legacy public live audio read-only and does not call delivery issuer","status":"passed","title":"keeps legacy public live audio read-only and does not call delivery issuer","duration":2.5732000000007247,"failureMessages":[],"meta":{}},{"ancestorTitles":["listeningLiveDeliveryAdapter"],"fullName":"listeningLiveDeliveryAdapter resolves asset-ID live audio through session-scoped authorized delivery","status":"passed","title":"resolves asset-ID live audio through session-scoped authorized delivery","duration":2.415000000000873,"failureMessages":[],"meta":{}},{"ancestorTitles":["listeningLiveDeliveryAdapter"],"fullName":"listeningLiveDeliveryAdapter requires live session, test, student, and immutable version scope for asset-ID audio","status":"passed","title":"requires live session, test, student, and immutable version scope for asset-ID audio","duration":1.0349000000005617,"failureMessages":[],"meta":{}},{"ancestorTitles":["listeningLiveDeliveryAdapter"],"fullName":"listeningLiveDeliveryAdapter reads immutable version metadata from live-safe payloads","status":"passed","title":"reads immutable version metadata from live-safe payloads","duration":0.21810000000004948,"failureMessages":[],"meta":{}},{"ancestorTitles":["listeningLiveDeliveryAdapter"],"fullName":"listeningLiveDeliveryAdapter delegates refresh with same live authorization scope and previous URL handoff metadata","status":"passed","title":"delegates refresh with same live authorization scope and previous URL handoff metadata","duration":0.7013999999999214,"failureMessages":[],"meta":{}}],"startTime":1782908755792,"endTime":1782908755799.7014,"status":"passed","message":"","name":"C:/Users/The Lord/Desktop/luyentap-writing-import-rebased/src/features/assessment/listening/live-session/delivery/listeningLiveDeliveryAdapter.test.ts"},{"assertionResults":[{"ancestorTitles":["listeningLiveDeliveryClient"],"fullName":"listeningLiveDeliveryClient resolves an explicit live delivery endpoint before the shared upload Worker fallback","status":"passed","title":"resolves an explicit live delivery endpoint before the shared upload Worker fallback","duration":1.3342000000002372,"failureMessages":[],"meta":{}},{"ancestorTitles":["listeningLiveDeliveryClient"],"fullName":"listeningLiveDeliveryClient uses the local upload Worker endpoint for localhost dev live delivery","status":"passed","title":"uses the local upload Worker endpoint for localhost dev live delivery","duration":0.2979000000000269,"failureMessages":[],"meta":{}},{"ancestorTitles":["listeningLiveDeliveryClient"],"fullName":"listeningLiveDeliveryClient posts asset and live scope with a Firebase token while deriving student authority from auth","status":"passed","title":"posts asset and live scope with a Firebase token while deriving student authority from auth","duration":7.768900000000031,"failureMessages":[],"meta":{}},{"ancestorTitles":["listeningLiveDeliveryClient"],"fullName":"listeningLiveDeliveryClient posts previous delivery metadata during refresh without browser authority fields","status":"passed","title":"posts previous delivery metadata during refresh without browser authority fields","duration":1.3505999999997584,"failureMessages":[],"meta":{}},{"ancestorTitles":["listeningLiveDeliveryClient"],"fullName":"listeningLiveDeliveryClient requires a Firebase ID token before requesting delivery","status":"passed","title":"requires a Firebase ID token before requesting delivery","duration":1.1086999999997715,"failureMessages":[],"meta":{}}],"startTime":1782908751383,"endTime":1782908751395.1086,"status":"passed","message":"","name":"C:/Users/The Lord/Desktop/luyentap-writing-import-rebased/src/features/assessment/listening/live-session/delivery/listeningLiveDeliveryClient.test.ts"},{"assertionResults":[{"ancestorTitles":["listeningSoloAttemptIdentity"],"fullName":"listeningSoloAttemptIdentity derives one stable homework submit operation from the bound submission attempt","status":"passed","title":"derives one stable homework submit operation from the bound submission attempt","duration":1.5721000000003187,"failureMessages":[],"meta":{}},{"ancestorTitles":["listeningSoloAttemptIdentity"],"fullName":"listeningSoloAttemptIdentity preserves a resumed attempt identity instead of minting a new submit operation","status":"passed","title":"preserves a resumed attempt identity instead of minting a new submit operation","duration":0.42630000000008295,"failureMessages":[],"meta":{}},{"ancestorTitles":["listeningSoloAttemptIdentity"],"fullName":"listeningSoloAttemptIdentity creates one reusable self-study attempt when a generated seed is supplied before answering starts","status":"passed","title":"creates one reusable self-study attempt when a generated seed is supplied before answering starts","duration":0.31790000000000873,"failureMessages":[],"meta":{}}],"startTime":1782908758066,"endTime":1782908758068.4263,"status":"passed","message":"","name":"C:/Users/The Lord/Desktop/luyentap-writing-import-rebased/src/features/assessment/listening/runtime/solo/listeningSoloAttemptIdentity.test.ts"},{"assertionResults":[{"ancestorTitles":["listeningSoloDeliveryAdapter"],"fullName":"listeningSoloDeliveryAdapter keeps legacy public audio read-only and does not call the delivery issuer","status":"passed","title":"keeps legacy public audio read-only and does not call the delivery issuer","duration":3.2572000000000116,"failureMessages":[],"meta":{}},{"ancestorTitles":["listeningSoloDeliveryAdapter"],"fullName":"listeningSoloDeliveryAdapter resolves asset-ID solo audio through authorized delivery scoped to homework test/version/student","status":"passed","title":"resolves asset-ID solo audio through authorized delivery scoped to homework test/version/student","duration":2.5679000000000087,"failureMessages":[],"meta":{}},{"ancestorTitles":["listeningSoloDeliveryAdapter"],"fullName":"listeningSoloDeliveryAdapter requires immutable version scope before resolving an asset-ID section","status":"passed","title":"requires immutable version scope before resolving an asset-ID section","duration":1.9111000000002605,"failureMessages":[],"meta":{}},{"ancestorTitles":["listeningSoloDeliveryAdapter"],"fullName":"listeningSoloDeliveryAdapter reads legacy freeze version metadata from student-safe payloads","status":"passed","title":"reads legacy freeze version metadata from student-safe payloads","duration":0.33910000000014406,"failureMessages":[],"meta":{}},{"ancestorTitles":["listeningSoloDeliveryAdapter"],"fullName":"listeningSoloDeliveryAdapter delegates refresh with the same solo authorization scope and preserves previous URL handoff metadata","status":"passed","title":"delegates refresh with the same solo authorization scope and preserves previous URL handoff metadata","duration":0.99120000000039,"failureMessages":[],"meta":{}}],"startTime":1782908755481,"endTime":1782908755489.9912,"status":"passed","message":"","name":"C:/Users/The Lord/Desktop/luyentap-writing-import-rebased/src/features/assessment/listening/runtime/solo/listeningSoloDeliveryAdapter.test.ts"},{"assertionResults":[{"ancestorTitles":["listeningSoloDeliveryClient"],"fullName":"listeningSoloDeliveryClient resolves an explicit solo delivery endpoint before the shared upload Worker fallback","status":"passed","title":"resolves an explicit solo delivery endpoint before the shared upload Worker fallback","duration":1.2434999999995853,"failureMessages":[],"meta":{}},{"ancestorTitles":["listeningSoloDeliveryClient"],"fullName":"listeningSoloDeliveryClient posts asset and solo scope with a Firebase token while deriving student authority from auth","status":"passed","title":"posts asset and solo scope with a Firebase token while deriving student authority from auth","duration":7.814900000000307,"failureMessages":[],"meta":{}},{"ancestorTitles":["listeningSoloDeliveryClient"],"fullName":"listeningSoloDeliveryClient requires a Firebase ID token before requesting delivery","status":"passed","title":"requires a Firebase ID token before requesting delivery","duration":1.1396000000004278,"failureMessages":[],"meta":{}},{"ancestorTitles":["listeningSoloDeliveryClient"],"fullName":"listeningSoloDeliveryClient posts previous delivery metadata during refresh without browser authority fields","status":"passed","title":"posts previous delivery metadata during refresh without browser authority fields","duration":1.5070999999998094,"failureMessages":[],"meta":{}},{"ancestorTitles":["listeningSoloDeliveryClient"],"fullName":"listeningSoloDeliveryClient surfaces safe Worker error codes on delivery failure","status":"passed","title":"surfaces safe Worker error codes on delivery failure","duration":0.5785999999998239,"failureMessages":[],"meta":{}}],"startTime":1782908754064,"endTime":1782908754076.5786,"status":"passed","message":"","name":"C:/Users/The Lord/Desktop/luyentap-writing-import-rebased/src/features/assessment/listening/runtime/solo/listeningSoloDeliveryClient.test.ts"}]}